<?xml version="1.0" encoding="UTF-8"?>
<testsuite xmlns:xsi="http://www.w3.org/2001/XMLSchema-instance" xsi:noNamespaceSchemaLocation="https://maven.apache.org/surefire/maven-surefire-plugin/xsd/surefire-test-report.xsd" name="com.uniovi.InciDashboard_e4a.InciDashboardE4aApplicationTests" time="10.805" tests="1" errors="1" skipped="0" failures="0">
  <properties>
[...]
</properties>
  <testcase name="contextLoads" classname="com.uniovi.InciDashboard_e4a.InciDashboardE4aApplicationTests" time="0.001">
    <error message="Failed to load ApplicationContext" type="java.lang.IllegalStateException">java.lang.IllegalStateException: Failed to load ApplicationContext
Caused by: org.springframework.beans.factory.UnsatisfiedDependencyException: Error creating bean with name 'loginController': Unsatisfied dependency expressed through field 'securityService'; nested exception is org.springframework.beans.factory.UnsatisfiedDependencyException: Error creating bean with name 'securityService': Unsatisfied dependency expressed through field 'authenticationManager'; nested exception is org.springframework.beans.factory.NoSuchBeanDefinitionException: No qualifying bean of type 'org.springframework.security.authentication.AuthenticationManager' available: expected at least 1 bean which qualifies as autowire candidate. Dependency annotations: {@org.springframework.beans.factory.annotation.Autowired(required=true)}
Caused by: org.springframework.beans.factory.UnsatisfiedDependencyException: Error creating bean with name 'securityService': Unsatisfied dependency expressed through field 'authenticationManager'; nested exception is org.springframework.beans.factory.NoSuchBeanDefinitionException: No qualifying bean of type 'org.springframework.security.authentication.AuthenticationManager' available: expected at least 1 bean which qualifies as autowire candidate. Dependency annotations: {@org.springframework.beans.factory.annotation.Autowired(required=true)}
Caused by: org.springframework.beans.factory.NoSuchBeanDefinitionException: No qualifying bean of type 'org.springframework.security.authentication.AuthenticationManager' available: expected at least 1 bean which qualifies as autowire candidate. Dependency annotations: {@org.springframework.beans.factory.annotation.Autowired(required=true)}
</error>
    <system-out><![CDATA[11:06:41.598 [main] DEBUG org.springframework.test.context.junit4.SpringJUnit4ClassRunner - SpringJUnit4ClassRunner constructor called with [class com.uniovi.InciDashboard_e4a.InciDashboardE4aApplicationTests]
11:06:41.612 [main] DEBUG org.springframework.test.context.BootstrapUtils - Instantiating CacheAwareContextLoaderDelegate from class [org.springframework.test.context.cache.DefaultCacheAwareContextLoaderDelegate]
11:06:41.634 [main] DEBUG org.springframework.test.context.BootstrapUtils - Instantiating BootstrapContext using constructor [public org.springframework.test.context.support.DefaultBootstrapContext(java.lang.Class,org.springframework.test.context.CacheAwareContextLoaderDelegate)]
11:06:41.677 [main] DEBUG org.springframework.test.context.BootstrapUtils - Instantiating TestContextBootstrapper for test class [com.uniovi.InciDashboard_e4a.InciDashboardE4aApplicationTests] from class [org.springframework.boot.test.context.SpringBootTestContextBootstrapper]
11:06:41.708 [main] INFO org.springframework.boot.test.context.SpringBootTestContextBootstrapper - Neither @ContextConfiguration nor @ContextHierarchy found for test class [com.uniovi.InciDashboard_e4a.InciDashboardE4aApplicationTests], using SpringBootContextLoader
11:06:41.719 [main] DEBUG org.springframework.test.context.support.AbstractContextLoader - Did not detect default resource location for test class [com.uniovi.InciDashboard_e4a.InciDashboardE4aApplicationTests]: class path resource [com/uniovi/InciDashboard_e4a/InciDashboardE4aApplicationTests-context.xml] does not exist
11:06:41.719 [main] DEBUG org.springframework.test.context.support.AbstractContextLoader - Did not detect default resource location for test class [com.uniovi.InciDashboard_e4a.InciDashboardE4aApplicationTests]: class path resource [com/uniovi/InciDashboard_e4a/InciDashboardE4aApplicationTestsContext.groovy] does not exist
11:06:41.720 [main] INFO org.springframework.test.context.support.AbstractContextLoader - Could not detect default resource locations for test class [com.uniovi.InciDashboard_e4a.InciDashboardE4aApplicationTests]: no resource found for suffixes {-context.xml, Context.groovy}.
11:06:41.722 [main] INFO org.springframework.test.context.support.AnnotationConfigContextLoaderUtils - Could not detect default configuration classes for test class [com.uniovi.InciDashboard_e4a.InciDashboardE4aApplicationTests]: InciDashboardE4aApplicationTests does not declare any static, non-private, non-final, nested classes annotated with @Configuration.
11:06:41.827 [main] DEBUG org.springframework.test.context.support.ActiveProfilesUtils - Could not find an 'annotation declaring class' for annotation type [org.springframework.test.context.ActiveProfiles] and class [com.uniovi.InciDashboard_e4a.InciDashboardE4aApplicationTests]
11:06:41.855 [main] DEBUG org.springframework.core.env.StandardEnvironment - Adding PropertySource 'systemProperties' with lowest search precedence
11:06:41.855 [main] DEBUG org.springframework.core.env.StandardEnvironment - Adding PropertySource 'systemEnvironment' with lowest search precedence
11:06:41.856 [main] DEBUG org.springframework.core.env.StandardEnvironment - Initialized StandardEnvironment with PropertySources [MapPropertySource@1718273 {name='systemProperties', properties={java.runtime.name=Java(TM) SE Runtime Environment, sun.boot.library.path=C:\Program Files (x86)\Java\jdk1.8.0_131\jre\bin, java.vm.version=25.131-b11, java.vm.vendor=Oracle Corporation, java.vendor.url=http://java.oracle.com/, path.separator=;, java.vm.name=Java HotSpot(TM) Client VM, file.encoding.pkg=sun.io, user.country=ES, user.script=, sun.java.launcher=SUN_STANDARD, sun.os.patch.level=, java.vm.specification.name=Java Virtual Machine Specification, user.dir=D:\UNIOVI\Tercero\Segundo Semestre\AWS\AWS-WK\InciDashboard_e4a, java.runtime.version=1.8.0_131-b11, basedir=D:\UNIOVI\Tercero\Segundo Semestre\AWS\AWS-WK\InciDashboard_e4a, java.awt.graphicsenv=sun.awt.Win32GraphicsEnvironment, java.endorsed.dirs=C:\Program Files (x86)\Java\jdk1.8.0_131\jre\lib\endorsed, os.arch=x86, surefire.real.class.path=C:\Users\anton\AppData\Local\Temp\surefire6029975405889209111\surefirebooter6621141249609523965.jar;C:\\Users\\anton\\.m2\\repository\\org\\jacoco\\org.jacoco.agent\\0.7.9\\org.jacoco.agent-0.7.9-runtime.jar, java.io.tmpdir=C:\Users\anton\AppData\Local\Temp\, line.separator=
, java.vm.specification.vendor=Oracle Corporation, user.variant=, os.name=Windows 10, sun.jnu.encoding=Cp1252, java.library.path=C:\Program Files (x86)\Java\jdk1.8.0_131\jre\bin;C:\WINDOWS\Sun\Java\bin;C:\WINDOWS\system32;C:\WINDOWS;D:\Programas\cmder\vendor\conemu-maximus5\ConEmu\Scripts;D:\Programas\cmder\vendor\conemu-maximus5;D:\Programas\cmder\vendor\conemu-maximus5\ConEmu;C:\Program Files\Microsoft MPI\Bin\;C:\ProgramData\Oracle\Java\javapath;C:\Program Files (x86)\Intel\iCLS Client\;C:\Program Files\Intel\iCLS Client\;C:\Windows\system32;C:\Windows;C:\Windows\System32\Wbem;C:\Program Files\maven\bin;C:\Windows\System32\WindowsPowerShell\v1.0\;C:\Program Files (x86)\NVIDIA Corporation\PhysX\Common;C:\Program Files (x86)\Intel\Intel(R) Management Engine Components\DAL;C:\Program Files (x86)\Java\jdk1.8.0_131\bin\;C:\Program Files\Intel\Intel(R) Management Engine Components\DAL;C:\Program Files\Anaconda3;C:\Program Files (x86)\Intel\Intel(R) Management Engine Components\IPT;C:\Program Files\Intel\Intel(R) Management Engine Components\IPT;C:\Program Files\Anaconda3\Scripts;D:\Programas\XAMPP\php;C:\Program Files\Git\cmd;C:\Program Files (x86)\Bitvise SSH Client;C:\Program Files\Microsoft SQL Server\130\Tools\Binn\;C:\Program Files\dotnet\;C:\Program Files (x86)\GtkSharp\2.12\bin;C:\WINDOWS\system32;C:\WINDOWS;C:\WINDOWS\System32\Wbem;C:\WINDOWS\System32\WindowsPowerShell\v1.0\;C:\Program Files\MiKTeX 2.9\miktex\bin\x64\;C:\Go\bin;C:\Program Files\nodejs\;C:\Program Files\PuTTY\;C:\Users\anton\AppData\Local\GitHubDesktop\bin;C:\Users\anton\AppData\Local\Microsoft\WindowsApps;C:\Users\anton\AppData\Local\atom\bin;D:\Programas\Docker Toolbox;C:\Users\anton\AppData\Roaming\npm;., surefire.test.class.path=D:\UNIOVI\Tercero\Segundo Semestre\AWS\AWS-WK\InciDashboard_e4a\target\test-classes;D:\UNIOVI\Tercero\Segundo Semestre\AWS\AWS-WK\InciDashboard_e4a\target\classes;C:\Users\anton\.m2\repository\org\springframework\boot\spring-boot-starter-web\2.0.0.RELEASE\spring-boot-starter-web-2.0.0.RELEASE.jar;C:\Users\anton\.m2\repository\org\springframework\boot\spring-boot-starter\2.0.0.RELEASE\spring-boot-starter-2.0.0.RELEASE.jar;C:\Users\anton\.m2\repository\org\springframework\boot\spring-boot\2.0.0.RELEASE\spring-boot-2.0.0.RELEASE.jar;C:\Users\anton\.m2\repository\org\springframework\boot\spring-boot-autoconfigure\2.0.0.RELEASE\spring-boot-autoconfigure-2.0.0.RELEASE.jar;C:\Users\anton\.m2\repository\org\springframework\boot\spring-boot-starter-logging\2.0.0.RELEASE\spring-boot-starter-logging-2.0.0.RELEASE.jar;C:\Users\anton\.m2\repository\ch\qos\logback\logback-classic\1.2.3\logback-classic-1.2.3.jar;C:\Users\anton\.m2\repository\ch\qos\logback\logback-core\1.2.3\logback-core-1.2.3.jar;C:\Users\anton\.m2\repository\org\apache\logging\log4j\log4j-to-slf4j\2.10.0\log4j-to-slf4j-2.10.0.jar;C:\Users\anton\.m2\repository\org\apache\logging\log4j\log4j-api\2.10.0\log4j-api-2.10.0.jar;C:\Users\anton\.m2\repository\org\slf4j\jul-to-slf4j\1.7.25\jul-to-slf4j-1.7.25.jar;C:\Users\anton\.m2\repository\javax\annotation\javax.annotation-api\1.3.2\javax.annotation-api-1.3.2.jar;C:\Users\anton\.m2\repository\org\yaml\snakeyaml\1.19\snakeyaml-1.19.jar;C:\Users\anton\.m2\repository\org\springframework\boot\spring-boot-starter-json\2.0.0.RELEASE\spring-boot-starter-json-2.0.0.RELEASE.jar;C:\Users\anton\.m2\repository\com\fasterxml\jackson\core\jackson-databind\2.9.4\jackson-databind-2.9.4.jar;C:\Users\anton\.m2\repository\com\fasterxml\jackson\core\jackson-annotations\2.9.0\jackson-annotations-2.9.0.jar;C:\Users\anton\.m2\repository\com\fasterxml\jackson\core\jackson-core\2.9.4\jackson-core-2.9.4.jar;C:\Users\anton\.m2\repository\com\fasterxml\jackson\datatype\jackson-datatype-jdk8\2.9.4\jackson-datatype-jdk8-2.9.4.jar;C:\Users\anton\.m2\repository\com\fasterxml\jackson\datatype\jackson-datatype-jsr310\2.9.4\jackson-datatype-jsr310-2.9.4.jar;C:\Users\anton\.m2\repository\com\fasterxml\jackson\module\jackson-module-parameter-names\2.9.4\jackson-module-parameter-names-2.9.4.jar;C:\Users\anton\.m2\repository\org\springframework\boot\spring-boot-starter-tomcat\2.0.0.RELEASE\spring-boot-starter-tomcat-2.0.0.RELEASE.jar;C:\Users\anton\.m2\repository\org\apache\tomcat\embed\tomcat-embed-core\8.5.28\tomcat-embed-core-8.5.28.jar;C:\Users\anton\.m2\repository\org\apache\tomcat\embed\tomcat-embed-el\8.5.28\tomcat-embed-el-8.5.28.jar;C:\Users\anton\.m2\repository\org\apache\tomcat\embed\tomcat-embed-websocket\8.5.28\tomcat-embed-websocket-8.5.28.jar;C:\Users\anton\.m2\repository\org\hibernate\validator\hibernate-validator\6.0.7.Final\hibernate-validator-6.0.7.Final.jar;C:\Users\anton\.m2\repository\javax\validation\validation-api\2.0.1.Final\validation-api-2.0.1.Final.jar;C:\Users\anton\.m2\repository\org\jboss\logging\jboss-logging\3.3.2.Final\jboss-logging-3.3.2.Final.jar;C:\Users\anton\.m2\repository\com\fasterxml\classmate\1.3.4\classmate-1.3.4.jar;C:\Users\anton\.m2\repository\org\springframework\spring-web\5.0.4.RELEASE\spring-web-5.0.4.RELEASE.jar;C:\Users\anton\.m2\repository\org\springframework\spring-beans\5.0.4.RELEASE\spring-beans-5.0.4.RELEASE.jar;C:\Users\anton\.m2\repository\org\springframework\spring-webmvc\5.0.4.RELEASE\spring-webmvc-5.0.4.RELEASE.jar;C:\Users\anton\.m2\repository\org\springframework\spring-expression\5.0.4.RELEASE\spring-expression-5.0.4.RELEASE.jar;C:\Users\anton\.m2\repository\org\springframework\boot\spring-boot-starter-web-services\2.0.0.RELEASE\spring-boot-starter-web-services-2.0.0.RELEASE.jar;C:\Users\anton\.m2\repository\org\springframework\spring-oxm\5.0.4.RELEASE\spring-oxm-5.0.4.RELEASE.jar;C:\Users\anton\.m2\repository\org\springframework\ws\spring-ws-core\3.0.0.RELEASE\spring-ws-core-3.0.0.RELEASE.jar;C:\Users\anton\.m2\repository\org\springframework\ws\spring-xml\3.0.0.RELEASE\spring-xml-3.0.0.RELEASE.jar;C:\Users\anton\.m2\repository\commons-io\commons-io\2.5\commons-io-2.5.jar;C:\Users\anton\.m2\repository\org\springframework\boot\spring-boot-starter-test\2.0.0.RELEASE\spring-boot-starter-test-2.0.0.RELEASE.jar;C:\Users\anton\.m2\repository\org\springframework\boot\spring-boot-test\2.0.0.RELEASE\spring-boot-test-2.0.0.RELEASE.jar;C:\Users\anton\.m2\repository\org\springframework\boot\spring-boot-test-autoconfigure\2.0.0.RELEASE\spring-boot-test-autoconfigure-2.0.0.RELEASE.jar;C:\Users\anton\.m2\repository\com\jayway\jsonpath\json-path\2.4.0\json-path-2.4.0.jar;C:\Users\anton\.m2\repository\net\minidev\json-smart\2.3\json-smart-2.3.jar;C:\Users\anton\.m2\repository\net\minidev\accessors-smart\1.2\accessors-smart-1.2.jar;C:\Users\anton\.m2\repository\org\ow2\asm\asm\5.0.4\asm-5.0.4.jar;C:\Users\anton\.m2\repository\junit\junit\4.12\junit-4.12.jar;C:\Users\anton\.m2\repository\org\assertj\assertj-core\3.9.1\assertj-core-3.9.1.jar;C:\Users\anton\.m2\repository\org\mockito\mockito-core\2.15.0\mockito-core-2.15.0.jar;C:\Users\anton\.m2\repository\net\bytebuddy\byte-buddy\1.7.10\byte-buddy-1.7.10.jar;C:\Users\anton\.m2\repository\net\bytebuddy\byte-buddy-agent\1.7.10\byte-buddy-agent-1.7.10.jar;C:\Users\anton\.m2\repository\org\objenesis\objenesis\2.6\objenesis-2.6.jar;C:\Users\anton\.m2\repository\org\hamcrest\hamcrest-core\1.3\hamcrest-core-1.3.jar;C:\Users\anton\.m2\repository\org\hamcrest\hamcrest-library\1.3\hamcrest-library-1.3.jar;C:\Users\anton\.m2\repository\org\skyscreamer\jsonassert\1.5.0\jsonassert-1.5.0.jar;C:\Users\anton\.m2\repository\com\vaadin\external\google\android-json\0.0.20131108.vaadin1\android-json-0.0.20131108.vaadin1.jar;C:\Users\anton\.m2\repository\org\springframework\spring-core\5.0.4.RELEASE\spring-core-5.0.4.RELEASE.jar;C:\Users\anton\.m2\repository\org\springframework\spring-jcl\5.0.4.RELEASE\spring-jcl-5.0.4.RELEASE.jar;C:\Users\anton\.m2\repository\org\springframework\spring-test\5.0.4.RELEASE\spring-test-5.0.4.RELEASE.jar;C:\Users\anton\.m2\repository\org\xmlunit\xmlunit-core\2.5.1\xmlunit-core-2.5.1.jar;C:\Users\anton\.m2\repository\org\springframework\boot\spring-boot-starter-thymeleaf\2.0.0.RELEASE\spring-boot-starter-thymeleaf-2.0.0.RELEASE.jar;C:\Users\anton\.m2\repository\org\thymeleaf\thymeleaf-spring5\3.0.9.RELEASE\thymeleaf-spring5-3.0.9.RELEASE.jar;C:\Users\anton\.m2\repository\org\thymeleaf\thymeleaf\3.0.9.RELEASE\thymeleaf-3.0.9.RELEASE.jar;C:\Users\anton\.m2\repository\org\attoparser\attoparser\2.0.4.RELEASE\attoparser-2.0.4.RELEASE.jar;C:\Users\anton\.m2\repository\org\unbescape\unbescape\1.1.5.RELEASE\unbescape-1.1.5.RELEASE.jar;C:\Users\anton\.m2\repository\org\thymeleaf\extras\thymeleaf-extras-java8time\3.0.1.RELEASE\thymeleaf-extras-java8time-3.0.1.RELEASE.jar;C:\Users\anton\.m2\repository\net\sourceforge\nekohtml\nekohtml\1.9.22\nekohtml-1.9.22.jar;C:\Users\anton\.m2\repository\xerces\xercesImpl\2.11.0\xercesImpl-2.11.0.jar;C:\Users\anton\.m2\repository\xml-apis\xml-apis\1.4.01\xml-apis-1.4.01.jar;C:\Users\anton\.m2\repository\org\springframework\kafka\spring-kafka\2.1.4.RELEASE\spring-kafka-2.1.4.RELEASE.jar;C:\Users\anton\.m2\repository\org\springframework\spring-context\5.0.4.RELEASE\spring-context-5.0.4.RELEASE.jar;C:\Users\anton\.m2\repository\org\springframework\spring-messaging\5.0.4.RELEASE\spring-messaging-5.0.4.RELEASE.jar;C:\Users\anton\.m2\repository\org\springframework\spring-tx\5.0.4.RELEASE\spring-tx-5.0.4.RELEASE.jar;C:\Users\anton\.m2\repository\org\springframework\retry\spring-retry\1.2.2.RELEASE\spring-retry-1.2.2.RELEASE.jar;C:\Users\anton\.m2\repository\org\apache\kafka\kafka-clients\1.0.0\kafka-clients-1.0.0.jar;C:\Users\anton\.m2\repository\org\lz4\lz4-java\1.4\lz4-java-1.4.jar;C:\Users\anton\.m2\repository\org\xerial\snappy\snappy-java\1.1.4\snappy-java-1.1.4.jar;C:\Users\anton\.m2\repository\org\springframework\boot\spring-boot-starter-data-jpa\2.0.0.RELEASE\spring-boot-starter-data-jpa-2.0.0.RELEASE.jar;C:\Users\anton\.m2\repository\org\springframework\boot\spring-boot-starter-aop\2.0.0.RELEASE\spring-boot-starter-aop-2.0.0.RELEASE.jar;C:\Users\anton\.m2\repository\org\aspectj\aspectjweaver\1.8.13\aspectjweaver-1.8.13.jar;C:\Users\anton\.m2\repository\org\springframework\boot\spring-boot-starter-jdbc\2.0.0.RELEASE\spring-boot-starter-jdbc-2.0.0.RELEASE.jar;C:\Users\anton\.m2\repository\com\zaxxer\HikariCP\2.7.8\HikariCP-2.7.8.jar;C:\Users\anton\.m2\repository\org\springframework\spring-jdbc\5.0.4.RELEASE\spring-jdbc-5.0.4.RELEASE.jar;C:\Users\anton\.m2\repository\org\hibernate\hibernate-core\5.2.14.Final\hibernate-core-5.2.14.Final.jar;C:\Users\anton\.m2\repository\org\hibernate\javax\persistence\hibernate-jpa-2.1-api\1.0.0.Final\hibernate-jpa-2.1-api-1.0.0.Final.jar;C:\Users\anton\.m2\repository\org\javassist\javassist\3.22.0-GA\javassist-3.22.0-GA.jar;C:\Users\anton\.m2\repository\antlr\antlr\2.7.7\antlr-2.7.7.jar;C:\Users\anton\.m2\repository\org\jboss\jandex\2.0.3.Final\jandex-2.0.3.Final.jar;C:\Users\anton\.m2\repository\dom4j\dom4j\1.6.1\dom4j-1.6.1.jar;C:\Users\anton\.m2\repository\org\hibernate\common\hibernate-commons-annotations\5.0.1.Final\hibernate-commons-annotations-5.0.1.Final.jar;C:\Users\anton\.m2\repository\javax\transaction\javax.transaction-api\1.2\javax.transaction-api-1.2.jar;C:\Users\anton\.m2\repository\org\springframework\data\spring-data-jpa\2.0.5.RELEASE\spring-data-jpa-2.0.5.RELEASE.jar;C:\Users\anton\.m2\repository\org\springframework\data\spring-data-commons\2.0.5.RELEASE\spring-data-commons-2.0.5.RELEASE.jar;C:\Users\anton\.m2\repository\org\springframework\spring-orm\5.0.4.RELEASE\spring-orm-5.0.4.RELEASE.jar;C:\Users\anton\.m2\repository\org\springframework\spring-aspects\5.0.4.RELEASE\spring-aspects-5.0.4.RELEASE.jar;C:\Users\anton\.m2\repository\org\springframework\boot\spring-boot-starter-security\2.0.0.RELEASE\spring-boot-starter-security-2.0.0.RELEASE.jar;C:\Users\anton\.m2\repository\org\springframework\spring-aop\5.0.4.RELEASE\spring-aop-5.0.4.RELEASE.jar;C:\Users\anton\.m2\repository\org\springframework\security\spring-security-config\5.0.3.RELEASE\spring-security-config-5.0.3.RELEASE.jar;C:\Users\anton\.m2\repository\org\springframework\security\spring-security-core\5.0.3.RELEASE\spring-security-core-5.0.3.RELEASE.jar;C:\Users\anton\.m2\repository\org\springframework\security\spring-security-web\5.0.3.RELEASE\spring-security-web-5.0.3.RELEASE.jar;C:\Users\anton\.m2\repository\org\thymeleaf\extras\thymeleaf-extras-springsecurity4\3.0.2.RELEASE\thymeleaf-extras-springsecurity4-3.0.2.RELEASE.jar;C:\Users\anton\.m2\repository\org\slf4j\slf4j-api\1.7.25\slf4j-api-1.7.25.jar;C:\Users\anton\.m2\repository\com\google\code\gson\gson\2.8.2\gson-2.8.2.jar;C:\Users\anton\.m2\repository\org\json\json\20180130\json-20180130.jar;C:\Users\anton\.m2\repository\org\hsqldb\hsqldb\2.4.0\hsqldb-2.4.0.jar;, java.specification.name=Java Platform API Specification, java.class.version=52.0, sun.management.compiler=HotSpot Client Compiler, os.version=10.0, user.home=C:\Users\anton, user.timezone=Europe/Paris, java.awt.printerjob=sun.awt.windows.WPrinterJob, file.encoding=Cp1252, java.specification.version=1.8, java.class.path=D:\UNIOVI\Tercero\Segundo Semestre\AWS\AWS-WK\InciDashboard_e4a\target\test-classes;D:\UNIOVI\Tercero\Segundo Semestre\AWS\AWS-WK\InciDashboard_e4a\target\classes;C:\Users\anton\.m2\repository\org\springframework\boot\spring-boot-starter-web\2.0.0.RELEASE\spring-boot-starter-web-2.0.0.RELEASE.jar;C:\Users\anton\.m2\repository\org\springframework\boot\spring-boot-starter\2.0.0.RELEASE\spring-boot-starter-2.0.0.RELEASE.jar;C:\Users\anton\.m2\repository\org\springframework\boot\spring-boot\2.0.0.RELEASE\spring-boot-2.0.0.RELEASE.jar;C:\Users\anton\.m2\repository\org\springframework\boot\spring-boot-autoconfigure\2.0.0.RELEASE\spring-boot-autoconfigure-2.0.0.RELEASE.jar;C:\Users\anton\.m2\repository\org\springframework\boot\spring-boot-starter-logging\2.0.0.RELEASE\spring-boot-starter-logging-2.0.0.RELEASE.jar;C:\Users\anton\.m2\repository\ch\qos\logback\logback-classic\1.2.3\logback-classic-1.2.3.jar;C:\Users\anton\.m2\repository\ch\qos\logback\logback-core\1.2.3\logback-core-1.2.3.jar;C:\Users\anton\.m2\repository\org\apache\logging\log4j\log4j-to-slf4j\2.10.0\log4j-to-slf4j-2.10.0.jar;C:\Users\anton\.m2\repository\org\apache\logging\log4j\log4j-api\2.10.0\log4j-api-2.10.0.jar;C:\Users\anton\.m2\repository\org\slf4j\jul-to-slf4j\1.7.25\jul-to-slf4j-1.7.25.jar;C:\Users\anton\.m2\repository\javax\annotation\javax.annotation-api\1.3.2\javax.annotation-api-1.3.2.jar;C:\Users\anton\.m2\repository\org\yaml\snakeyaml\1.19\snakeyaml-1.19.jar;C:\Users\anton\.m2\repository\org\springframework\boot\spring-boot-starter-json\2.0.0.RELEASE\spring-boot-starter-json-2.0.0.RELEASE.jar;C:\Users\anton\.m2\repository\com\fasterxml\jackson\core\jackson-databind\2.9.4\jackson-databind-2.9.4.jar;C:\Users\anton\.m2\repository\com\fasterxml\jackson\core\jackson-annotations\2.9.0\jackson-annotations-2.9.0.jar;C:\Users\anton\.m2\repository\com\fasterxml\jackson\core\jackson-core\2.9.4\jackson-core-2.9.4.jar;C:\Users\anton\.m2\repository\com\fasterxml\jackson\datatype\jackson-datatype-jdk8\2.9.4\jackson-datatype-jdk8-2.9.4.jar;C:\Users\anton\.m2\repository\com\fasterxml\jackson\datatype\jackson-datatype-jsr310\2.9.4\jackson-datatype-jsr310-2.9.4.jar;C:\Users\anton\.m2\repository\com\fasterxml\jackson\module\jackson-module-parameter-names\2.9.4\jackson-module-parameter-names-2.9.4.jar;C:\Users\anton\.m2\repository\org\springframework\boot\spring-boot-starter-tomcat\2.0.0.RELEASE\spring-boot-starter-tomcat-2.0.0.RELEASE.jar;C:\Users\anton\.m2\repository\org\apache\tomcat\embed\tomcat-embed-core\8.5.28\tomcat-embed-core-8.5.28.jar;C:\Users\anton\.m2\repository\org\apache\tomcat\embed\tomcat-embed-el\8.5.28\tomcat-embed-el-8.5.28.jar;C:\Users\anton\.m2\repository\org\apache\tomcat\embed\tomcat-embed-websocket\8.5.28\tomcat-embed-websocket-8.5.28.jar;C:\Users\anton\.m2\repository\org\hibernate\validator\hibernate-validator\6.0.7.Final\hibernate-validator-6.0.7.Final.jar;C:\Users\anton\.m2\repository\javax\validation\validation-api\2.0.1.Final\validation-api-2.0.1.Final.jar;C:\Users\anton\.m2\repository\org\jboss\logging\jboss-logging\3.3.2.Final\jboss-logging-3.3.2.Final.jar;C:\Users\anton\.m2\repository\com\fasterxml\classmate\1.3.4\classmate-1.3.4.jar;C:\Users\anton\.m2\repository\org\springframework\spring-web\5.0.4.RELEASE\spring-web-5.0.4.RELEASE.jar;C:\Users\anton\.m2\repository\org\springframework\spring-beans\5.0.4.RELEASE\spring-beans-5.0.4.RELEASE.jar;C:\Users\anton\.m2\repository\org\springframework\spring-webmvc\5.0.4.RELEASE\spring-webmvc-5.0.4.RELEASE.jar;C:\Users\anton\.m2\repository\org\springframework\spring-expression\5.0.4.RELEASE\spring-expression-5.0.4.RELEASE.jar;C:\Users\anton\.m2\repository\org\springframework\boot\spring-boot-starter-web-services\2.0.0.RELEASE\spring-boot-starter-web-services-2.0.0.RELEASE.jar;C:\Users\anton\.m2\repository\org\springframework\spring-oxm\5.0.4.RELEASE\spring-oxm-5.0.4.RELEASE.jar;C:\Users\anton\.m2\repository\org\springframework\ws\spring-ws-core\3.0.0.RELEASE\spring-ws-core-3.0.0.RELEASE.jar;C:\Users\anton\.m2\repository\org\springframework\ws\spring-xml\3.0.0.RELEASE\spring-xml-3.0.0.RELEASE.jar;C:\Users\anton\.m2\repository\commons-io\commons-io\2.5\commons-io-2.5.jar;C:\Users\anton\.m2\repository\org\springframework\boot\spring-boot-starter-test\2.0.0.RELEASE\spring-boot-starter-test-2.0.0.RELEASE.jar;C:\Users\anton\.m2\repository\org\springframework\boot\spring-boot-test\2.0.0.RELEASE\spring-boot-test-2.0.0.RELEASE.jar;C:\Users\anton\.m2\repository\org\springframework\boot\spring-boot-test-autoconfigure\2.0.0.RELEASE\spring-boot-test-autoconfigure-2.0.0.RELEASE.jar;C:\Users\anton\.m2\repository\com\jayway\jsonpath\json-path\2.4.0\json-path-2.4.0.jar;C:\Users\anton\.m2\repository\net\minidev\json-smart\2.3\json-smart-2.3.jar;C:\Users\anton\.m2\repository\net\minidev\accessors-smart\1.2\accessors-smart-1.2.jar;C:\Users\anton\.m2\repository\org\ow2\asm\asm\5.0.4\asm-5.0.4.jar;C:\Users\anton\.m2\repository\junit\junit\4.12\junit-4.12.jar;C:\Users\anton\.m2\repository\org\assertj\assertj-core\3.9.1\assertj-core-3.9.1.jar;C:\Users\anton\.m2\repository\org\mockito\mockito-core\2.15.0\mockito-core-2.15.0.jar;C:\Users\anton\.m2\repository\net\bytebuddy\byte-buddy\1.7.10\byte-buddy-1.7.10.jar;C:\Users\anton\.m2\repository\net\bytebuddy\byte-buddy-agent\1.7.10\byte-buddy-agent-1.7.10.jar;C:\Users\anton\.m2\repository\org\objenesis\objenesis\2.6\objenesis-2.6.jar;C:\Users\anton\.m2\repository\org\hamcrest\hamcrest-core\1.3\hamcrest-core-1.3.jar;C:\Users\anton\.m2\repository\org\hamcrest\hamcrest-library\1.3\hamcrest-library-1.3.jar;C:\Users\anton\.m2\repository\org\skyscreamer\jsonassert\1.5.0\jsonassert-1.5.0.jar;C:\Users\anton\.m2\repository\com\vaadin\external\google\android-json\0.0.20131108.vaadin1\android-json-0.0.20131108.vaadin1.jar;C:\Users\anton\.m2\repository\org\springframework\spring-core\5.0.4.RELEASE\spring-core-5.0.4.RELEASE.jar;C:\Users\anton\.m2\repository\org\springframework\spring-jcl\5.0.4.RELEASE\spring-jcl-5.0.4.RELEASE.jar;C:\Users\anton\.m2\repository\org\springframework\spring-test\5.0.4.RELEASE\spring-test-5.0.4.RELEASE.jar;C:\Users\anton\.m2\repository\org\xmlunit\xmlunit-core\2.5.1\xmlunit-core-2.5.1.jar;C:\Users\anton\.m2\repository\org\springframework\boot\spring-boot-starter-thymeleaf\2.0.0.RELEASE\spring-boot-starter-thymeleaf-2.0.0.RELEASE.jar;C:\Users\anton\.m2\repository\org\thymeleaf\thymeleaf-spring5\3.0.9.RELEASE\thymeleaf-spring5-3.0.9.RELEASE.jar;C:\Users\anton\.m2\repository\org\thymeleaf\thymeleaf\3.0.9.RELEASE\thymeleaf-3.0.9.RELEASE.jar;C:\Users\anton\.m2\repository\org\attoparser\attoparser\2.0.4.RELEASE\attoparser-2.0.4.RELEASE.jar;C:\Users\anton\.m2\repository\org\unbescape\unbescape\1.1.5.RELEASE\unbescape-1.1.5.RELEASE.jar;C:\Users\anton\.m2\repository\org\thymeleaf\extras\thymeleaf-extras-java8time\3.0.1.RELEASE\thymeleaf-extras-java8time-3.0.1.RELEASE.jar;C:\Users\anton\.m2\repository\net\sourceforge\nekohtml\nekohtml\1.9.22\nekohtml-1.9.22.jar;C:\Users\anton\.m2\repository\xerces\xercesImpl\2.11.0\xercesImpl-2.11.0.jar;C:\Users\anton\.m2\repository\xml-apis\xml-apis\1.4.01\xml-apis-1.4.01.jar;C:\Users\anton\.m2\repository\org\springframework\kafka\spring-kafka\2.1.4.RELEASE\spring-kafka-2.1.4.RELEASE.jar;C:\Users\anton\.m2\repository\org\springframework\spring-context\5.0.4.RELEASE\spring-context-5.0.4.RELEASE.jar;C:\Users\anton\.m2\repository\org\springframework\spring-messaging\5.0.4.RELEASE\spring-messaging-5.0.4.RELEASE.jar;C:\Users\anton\.m2\repository\org\springframework\spring-tx\5.0.4.RELEASE\spring-tx-5.0.4.RELEASE.jar;C:\Users\anton\.m2\repository\org\springframework\retry\spring-retry\1.2.2.RELEASE\spring-retry-1.2.2.RELEASE.jar;C:\Users\anton\.m2\repository\org\apache\kafka\kafka-clients\1.0.0\kafka-clients-1.0.0.jar;C:\Users\anton\.m2\repository\org\lz4\lz4-java\1.4\lz4-java-1.4.jar;C:\Users\anton\.m2\repository\org\xerial\snappy\snappy-java\1.1.4\snappy-java-1.1.4.jar;C:\Users\anton\.m2\repository\org\springframework\boot\spring-boot-starter-data-jpa\2.0.0.RELEASE\spring-boot-starter-data-jpa-2.0.0.RELEASE.jar;C:\Users\anton\.m2\repository\org\springframework\boot\spring-boot-starter-aop\2.0.0.RELEASE\spring-boot-starter-aop-2.0.0.RELEASE.jar;C:\Users\anton\.m2\repository\org\aspectj\aspectjweaver\1.8.13\aspectjweaver-1.8.13.jar;C:\Users\anton\.m2\repository\org\springframework\boot\spring-boot-starter-jdbc\2.0.0.RELEASE\spring-boot-starter-jdbc-2.0.0.RELEASE.jar;C:\Users\anton\.m2\repository\com\zaxxer\HikariCP\2.7.8\HikariCP-2.7.8.jar;C:\Users\anton\.m2\repository\org\springframework\spring-jdbc\5.0.4.RELEASE\spring-jdbc-5.0.4.RELEASE.jar;C:\Users\anton\.m2\repository\org\hibernate\hibernate-core\5.2.14.Final\hibernate-core-5.2.14.Final.jar;C:\Users\anton\.m2\repository\org\hibernate\javax\persistence\hibernate-jpa-2.1-api\1.0.0.Final\hibernate-jpa-2.1-api-1.0.0.Final.jar;C:\Users\anton\.m2\repository\org\javassist\javassist\3.22.0-GA\javassist-3.22.0-GA.jar;C:\Users\anton\.m2\repository\antlr\antlr\2.7.7\antlr-2.7.7.jar;C:\Users\anton\.m2\repository\org\jboss\jandex\2.0.3.Final\jandex-2.0.3.Final.jar;C:\Users\anton\.m2\repository\dom4j\dom4j\1.6.1\dom4j-1.6.1.jar;C:\Users\anton\.m2\repository\org\hibernate\common\hibernate-commons-annotations\5.0.1.Final\hibernate-commons-annotations-5.0.1.Final.jar;C:\Users\anton\.m2\repository\javax\transaction\javax.transaction-api\1.2\javax.transaction-api-1.2.jar;C:\Users\anton\.m2\repository\org\springframework\data\spring-data-jpa\2.0.5.RELEASE\spring-data-jpa-2.0.5.RELEASE.jar;C:\Users\anton\.m2\repository\org\springframework\data\spring-data-commons\2.0.5.RELEASE\spring-data-commons-2.0.5.RELEASE.jar;C:\Users\anton\.m2\repository\org\springframework\spring-orm\5.0.4.RELEASE\spring-orm-5.0.4.RELEASE.jar;C:\Users\anton\.m2\repository\org\springframework\spring-aspects\5.0.4.RELEASE\spring-aspects-5.0.4.RELEASE.jar;C:\Users\anton\.m2\repository\org\springframework\boot\spring-boot-starter-security\2.0.0.RELEASE\spring-boot-starter-security-2.0.0.RELEASE.jar;C:\Users\anton\.m2\repository\org\springframework\spring-aop\5.0.4.RELEASE\spring-aop-5.0.4.RELEASE.jar;C:\Users\anton\.m2\repository\org\springframework\security\spring-security-config\5.0.3.RELEASE\spring-security-config-5.0.3.RELEASE.jar;C:\Users\anton\.m2\repository\org\springframework\security\spring-security-core\5.0.3.RELEASE\spring-security-core-5.0.3.RELEASE.jar;C:\Users\anton\.m2\repository\org\springframework\security\spring-security-web\5.0.3.RELEASE\spring-security-web-5.0.3.RELEASE.jar;C:\Users\anton\.m2\repository\org\thymeleaf\extras\thymeleaf-extras-springsecurity4\3.0.2.RELEASE\thymeleaf-extras-springsecurity4-3.0.2.RELEASE.jar;C:\Users\anton\.m2\repository\org\slf4j\slf4j-api\1.7.25\slf4j-api-1.7.25.jar;C:\Users\anton\.m2\repository\com\google\code\gson\gson\2.8.2\gson-2.8.2.jar;C:\Users\anton\.m2\repository\org\json\json\20180130\json-20180130.jar;C:\Users\anton\.m2\repository\org\hsqldb\hsqldb\2.4.0\hsqldb-2.4.0.jar;, user.name=anton, java.vm.specification.version=1.8, sun.java.command=C:\Users\anton\AppData\Local\Temp\surefire6029975405889209111\surefirebooter6621141249609523965.jar C:\Users\anton\AppData\Local\Temp\surefire6029975405889209111 2018-03-22T11-06-38_696-jvmRun1 surefire2669207105824129722tmp surefire_07270291888331928060tmp, java.home=C:\Program Files (x86)\Java\jdk1.8.0_131\jre, sun.arch.data.model=32, user.language=es, java.specification.vendor=Oracle Corporation, awt.toolkit=sun.awt.windows.WToolkit, java.vm.info=mixed mode, java.version=1.8.0_131, java.ext.dirs=C:\Program Files (x86)\Java\jdk1.8.0_131\jre\lib\ext;C:\WINDOWS\Sun\Java\lib\ext, sun.boot.class.path=C:\Program Files (x86)\Java\jdk1.8.0_131\jre\lib\resources.jar;C:\Program Files (x86)\Java\jdk1.8.0_131\jre\lib\rt.jar;C:\Program Files (x86)\Java\jdk1.8.0_131\jre\lib\sunrsasign.jar;C:\Program Files (x86)\Java\jdk1.8.0_131\jre\lib\jsse.jar;C:\Program Files (x86)\Java\jdk1.8.0_131\jre\lib\jce.jar;C:\Program Files (x86)\Java\jdk1.8.0_131\jre\lib\charsets.jar;C:\Program Files (x86)\Java\jdk1.8.0_131\jre\lib\jfr.jar;C:\Program Files (x86)\Java\jdk1.8.0_131\jre\classes, java.vendor=Oracle Corporation, localRepository=C:\Users\anton\.m2\repository, file.separator=\, java.vendor.url.bug=http://bugreport.sun.com/bugreport/, sun.io.unicode.encoding=UnicodeLittle, sun.cpu.endian=little, sun.desktop=windows, sun.cpu.isalist=pentium_pro+mmx pentium_pro pentium+mmx pentium i486 i386 i86}}, SystemEnvironmentPropertySource@16585413 {name='systemEnvironment', properties={CONEMUDRIVE=D:, PATH=D:\Programas\cmder\vendor\conemu-maximus5\ConEmu\Scripts;D:\Programas\cmder\vendor\conemu-maximus5;D:\Programas\cmder\vendor\conemu-maximus5\ConEmu;C:\Program Files\Microsoft MPI\Bin\;C:\ProgramData\Oracle\Java\javapath;C:\Program Files (x86)\Intel\iCLS Client\;C:\Program Files\Intel\iCLS Client\;C:\Windows\system32;C:\Windows;C:\Windows\System32\Wbem;C:\Program Files\maven\bin;C:\Windows\System32\WindowsPowerShell\v1.0\;C:\Program Files (x86)\NVIDIA Corporation\PhysX\Common;C:\Program Files (x86)\Intel\Intel(R) Management Engine Components\DAL;C:\Program Files (x86)\Java\jdk1.8.0_131\bin\;C:\Program Files\Intel\Intel(R) Management Engine Components\DAL;C:\Program Files\Anaconda3;C:\Program Files (x86)\Intel\Intel(R) Management Engine Components\IPT;C:\Program Files\Intel\Intel(R) Management Engine Components\IPT;C:\Program Files\Anaconda3\Scripts;D:\Programas\XAMPP\php;C:\Program Files\Git\cmd;C:\Program Files (x86)\Bitvise SSH Client;C:\Program Files\Microsoft SQL Server\130\Tools\Binn\;C:\Program Files\dotnet\;C:\Program Files (x86)\GtkSharp\2.12\bin;C:\WINDOWS\system32;C:\WINDOWS;C:\WINDOWS\System32\Wbem;C:\WINDOWS\System32\WindowsPowerShell\v1.0\;C:\Program Files\MiKTeX 2.9\miktex\bin\x64\;C:\Go\bin;C:\Program Files\nodejs\;C:\Program Files\PuTTY\;C:\Users\anton\AppData\Local\GitHubDesktop\bin;C:\Users\anton\AppData\Local\Microsoft\WindowsApps;C:\Users\anton\AppData\Local\atom\bin;D:\Programas\Docker Toolbox;C:\Users\anton\AppData\Roaming\npm, USERDOMAIN_ROAMINGPROFILE=LAPTOP-O9LVBBLQ, PROCESSOR_LEVEL=6, SYSTEMDRIVE=C:, CONEMUBUILD=171025, SESSIONNAME=Console, ALLUSERSPROFILE=C:\ProgramData, PROCESSOR_ARCHITECTURE=x86, CONEMUHOOKS=Enabled, MAVEN_HOME=C:\Program Files\maven\bin\.., PROGRAMFILES=C:\Program Files (x86), CONEMUCFGDIR=D:\Programas\cmder\vendor\conemu-maximus5, PSMODULEPATH=C:\Program Files\WindowsPowerShell\Modules;C:\WINDOWS\system32\WindowsPowerShell\v1.0\Modules;C:\Program Files\WindowsPowerShell\Modules\;C:\Program Files (x86)\Microsoft SDKs\Azure\PowerShell\ResourceManager\AzureResourceManager\;C:\Program Files (x86)\Microsoft SDKs\Azure\PowerShell\ServiceManagement\;C:\Program Files (x86)\Microsoft SDKs\Azure\PowerShell\Storage\, PROGRAMDATA=C:\ProgramData, USERNAME=anton, WDIR=D:\UNIOVI\Tercero\Segundo Semestre\AWS\AWS-WK\InciDashboard_e4a, CONEMUDRAWHWND=0x00050882, FPS_BROWSER_USER_PROFILE_STRING=Default, ONEDRIVE=C:\Users\anton\OneDrive - Universidad de Oviedo, PATHEXT=.COM;.EXE;.BAT;.CMD;.VBS;.VBE;.JS;.JSE;.WSF;.WSH;.MSC, CONEMUANSILOG=, CONEMUHWND=0x00090830, PROCESSOR_ARCHITEW6432=AMD64, CLASSWORLDS_JAR="C:\Program Files\maven\bin\..\boot\plexus-classworlds-2.5.2.jar", GOPATH=C:\Users\anton\Desktop\Fabric\goWK\, CONEMUDIR=D:\Programas\cmder\vendor\conemu-maximus5, CONEMUPID=9396, WINDIR=C:\WINDOWS, HOMEPATH=\Users\anton, PROCESSOR_IDENTIFIER=Intel64 Family 6 Model 142 Stepping 9, GenuineIntel, CONEMUSERVERPID=13624, PUBLIC=C:\Users\Public, ANSICON_DEF=7, =::=::\, LOCALAPPDATA=C:\Users\anton\AppData\Local, MSMPI_BIN=C:\Program Files\Microsoft MPI\Bin\, COMMONPROGRAMFILES(X86)=C:\Program Files (x86)\Common Files, USERDOMAIN=LAPTOP-O9LVBBLQ, FPS_BROWSER_APP_PROFILE_STRING=Internet Explorer, LOGONSERVER=\\LAPTOP-O9LVBBLQ, JAVA_HOME=C:\Program Files (x86)\Java\jdk1.8.0_131\, PROMPT=$P$G, FSHARPINSTALLDIR=C:\Program Files (x86)\Microsoft SDKs\F#\4.1\Framework\v4.0\, PROGRAMFILES(X86)=C:\Program Files (x86), ERROR_CODE=0, EXEC_DIR=D:\UNIOVI\Tercero\Segundo Semestre\AWS\AWS-WK\InciDashboard_e4a, APPDATA=C:\Users\anton\AppData\Roaming, PROGRAMW6432=C:\Program Files, GTK_BASEPATH=C:\Program Files (x86)\GtkSharp\2.12\, SYSTEMROOT=C:\WINDOWS, CONEMUARGS=/NOSINGLE , CONEMUBACKHWND=0x00060846, MAVEN_CMD_LINE_ARGS=install, VBOX_MSI_INSTALL_PATH=C:\Program Files\Oracle\VirtualBox\, CONEMUARGS2=-cmdlist -new_console:c "C:\Windows\System32\cmd.exe" , OS=Windows_NT, COMMONPROGRAMW6432=C:\Program Files\Common Files, COMPUTERNAME=LAPTOP-O9LVBBLQ, COMMONPROGRAMFILES=C:\Program Files (x86)\Common Files, COMSPEC=C:\WINDOWS\system32\cmd.exe, JAVACMD=C:\Program Files (x86)\Java\jdk1.8.0_131\\bin\java.exe, MAVEN_PROJECTBASEDIR=D:\UNIOVI\Tercero\Segundo Semestre\AWS\AWS-WK\InciDashboard_e4a, PROCESSOR_REVISION=8e09, CONEMUPALETTE=Monokai, GOROOT=C:\Go\, CLASSWORLDS_LAUNCHER=org.codehaus.plexus.classworlds.launcher.Launcher, CONEMUCONFIG=, CONEMUWORKDIR=D:\UNIOVI\Tercero\Segundo Semestre\AWS\AWS-WK\InciDashboard_e4a, =D:=D:\UNIOVI\Tercero\Segundo Semestre\AWS\AWS-WK\InciDashboard_e4a, TEMP=C:\Users\anton\AppData\Local\Temp, HOMEDRIVE=C:, USERPROFILE=C:\Users\anton, CONEMUBASEDIRSHORT=D:\Programas\cmder\vendor\conemu-maximus5\ConEmu, TMP=C:\Users\anton\AppData\Local\Temp, CONEMUBASEDIR=D:\Programas\cmder\vendor\conemu-maximus5\ConEmu, NUMBER_OF_PROCESSORS=4, CONEMUWORKDRIVE=D:, CONEMUANSI=ON, JVMCONFIG=\.mvn\jvm.config, ANSICON=120x1000 (120x27), DOCKER_TOOLBOX_INSTALL_PATH=D:\Programas\Docker Toolbox}}]
11:06:41.884 [main] DEBUG org.springframework.core.io.support.PathMatchingResourcePatternResolver - Resolved classpath location [com/uniovi/InciDashboard_e4a/] to resources [URL [file:/D:/UNIOVI/Tercero/Segundo%20Semestre/AWS/AWS-WK/InciDashboard_e4a/target/test-classes/com/uniovi/InciDashboard_e4a/], URL [file:/D:/UNIOVI/Tercero/Segundo%20Semestre/AWS/AWS-WK/InciDashboard_e4a/target/classes/com/uniovi/InciDashboard_e4a/]]
11:06:41.887 [main] DEBUG org.springframework.core.io.support.PathMatchingResourcePatternResolver - Looking for matching resources in directory tree [D:\UNIOVI\Tercero\Segundo Semestre\AWS\AWS-WK\InciDashboard_e4a\target\test-classes\com\uniovi\InciDashboard_e4a]
11:06:41.887 [main] DEBUG org.springframework.core.io.support.PathMatchingResourcePatternResolver - Searching directory [D:\UNIOVI\Tercero\Segundo Semestre\AWS\AWS-WK\InciDashboard_e4a\target\test-classes\com\uniovi\InciDashboard_e4a] for files matching pattern [D:/UNIOVI/Tercero/Segundo Semestre/AWS/AWS-WK/InciDashboard_e4a/target/test-classes/com/uniovi/InciDashboard_e4a/*.class]
11:06:41.890 [main] DEBUG org.springframework.core.io.support.PathMatchingResourcePatternResolver - Looking for matching resources in directory tree [D:\UNIOVI\Tercero\Segundo Semestre\AWS\AWS-WK\InciDashboard_e4a\target\classes\com\uniovi\InciDashboard_e4a]
11:06:41.894 [main] DEBUG org.springframework.core.io.support.PathMatchingResourcePatternResolver - Searching directory [D:\UNIOVI\Tercero\Segundo Semestre\AWS\AWS-WK\InciDashboard_e4a\target\classes\com\uniovi\InciDashboard_e4a] for files matching pattern [D:/UNIOVI/Tercero/Segundo Semestre/AWS/AWS-WK/InciDashboard_e4a/target/classes/com/uniovi/InciDashboard_e4a/*.class]
11:06:41.894 [main] DEBUG org.springframework.core.io.support.PathMatchingResourcePatternResolver - Resolved location pattern [classpath*:com/uniovi/InciDashboard_e4a/*.class] to resources [file [D:\UNIOVI\Tercero\Segundo Semestre\AWS\AWS-WK\InciDashboard_e4a\target\test-classes\com\uniovi\InciDashboard_e4a\InciDashboardE4aApplicationTests.class], file [D:\UNIOVI\Tercero\Segundo Semestre\AWS\AWS-WK\InciDashboard_e4a\target\classes\com\uniovi\InciDashboard_e4a\InciDashboardE4aApplication.class], file [D:\UNIOVI\Tercero\Segundo Semestre\AWS\AWS-WK\InciDashboard_e4a\target\classes\com\uniovi\InciDashboard_e4a\WebSecurityConfig.class]]
11:06:42.001 [main] DEBUG org.springframework.context.annotation.ClassPathScanningCandidateComponentProvider - Identified candidate component class: file [D:\UNIOVI\Tercero\Segundo Semestre\AWS\AWS-WK\InciDashboard_e4a\target\classes\com\uniovi\InciDashboard_e4a\InciDashboardE4aApplication.class]
11:06:42.016 [main] INFO org.springframework.boot.test.context.SpringBootTestContextBootstrapper - Found @SpringBootConfiguration com.uniovi.InciDashboard_e4a.InciDashboardE4aApplication for test class com.uniovi.InciDashboard_e4a.InciDashboardE4aApplicationTests
11:06:42.238 [main] DEBUG org.springframework.boot.test.context.SpringBootTestContextBootstrapper - @TestExecutionListeners is not present for class [com.uniovi.InciDashboard_e4a.InciDashboardE4aApplicationTests]: using defaults.
11:06:42.238 [main] INFO org.springframework.boot.test.context.SpringBootTestContextBootstrapper - Loaded default TestExecutionListener class names from location [META-INF/spring.factories]: [org.springframework.boot.test.mock.mockito.MockitoTestExecutionListener, org.springframework.boot.test.mock.mockito.ResetMocksTestExecutionListener, org.springframework.boot.test.autoconfigure.restdocs.RestDocsTestExecutionListener, org.springframework.boot.test.autoconfigure.web.client.MockRestServiceServerResetTestExecutionListener, org.springframework.boot.test.autoconfigure.web.servlet.MockMvcPrintOnlyOnFailureTestExecutionListener, org.springframework.boot.test.autoconfigure.web.servlet.WebDriverTestExecutionListener, org.springframework.test.context.web.ServletTestExecutionListener, org.springframework.test.context.support.DirtiesContextBeforeModesTestExecutionListener, org.springframework.test.context.support.DependencyInjectionTestExecutionListener, org.springframework.test.context.support.DirtiesContextTestExecutionListener, org.springframework.test.context.transaction.TransactionalTestExecutionListener, org.springframework.test.context.jdbc.SqlScriptsTestExecutionListener]
11:06:42.282 [main] INFO org.springframework.boot.test.context.SpringBootTestContextBootstrapper - Using TestExecutionListeners: [org.springframework.test.context.web.ServletTestExecutionListener@87342, org.springframework.test.context.support.DirtiesContextBeforeModesTestExecutionListener@1de87f, org.springframework.boot.test.mock.mockito.MockitoTestExecutionListener@b1c615, org.springframework.boot.test.autoconfigure.SpringBootDependencyInjectionTestExecutionListener@74d4f6, org.springframework.test.context.support.DirtiesContextTestExecutionListener@19d2119, org.springframework.test.context.transaction.TransactionalTestExecutionListener@4464c5, org.springframework.test.context.jdbc.SqlScriptsTestExecutionListener@e590f6, org.springframework.boot.test.mock.mockito.ResetMocksTestExecutionListener@b63838, org.springframework.boot.test.autoconfigure.restdocs.RestDocsTestExecutionListener@974b9e, org.springframework.boot.test.autoconfigure.web.client.MockRestServiceServerResetTestExecutionListener@10c7cc5, org.springframework.boot.test.autoconfigure.web.servlet.MockMvcPrintOnlyOnFailureTestExecutionListener@1b838f2, org.springframework.boot.test.autoconfigure.web.servlet.WebDriverTestExecutionListener@4ab05]
11:06:42.284 [main] DEBUG org.springframework.test.annotation.ProfileValueUtils - Retrieved @ProfileValueSourceConfiguration [null] for test class [com.uniovi.InciDashboard_e4a.InciDashboardE4aApplicationTests]
11:06:42.284 [main] DEBUG org.springframework.test.annotation.ProfileValueUtils - Retrieved ProfileValueSource type [class org.springframework.test.annotation.SystemProfileValueSource] for class [com.uniovi.InciDashboard_e4a.InciDashboardE4aApplicationTests]
11:06:42.288 [main] DEBUG org.springframework.test.annotation.ProfileValueUtils - Retrieved @ProfileValueSourceConfiguration [null] for test class [com.uniovi.InciDashboard_e4a.InciDashboardE4aApplicationTests]
11:06:42.288 [main] DEBUG org.springframework.test.annotation.ProfileValueUtils - Retrieved ProfileValueSource type [class org.springframework.test.annotation.SystemProfileValueSource] for class [com.uniovi.InciDashboard_e4a.InciDashboardE4aApplicationTests]
11:06:42.289 [main] DEBUG org.springframework.test.annotation.ProfileValueUtils - Retrieved @ProfileValueSourceConfiguration [null] for test class [com.uniovi.InciDashboard_e4a.InciDashboardE4aApplicationTests]
11:06:42.289 [main] DEBUG org.springframework.test.annotation.ProfileValueUtils - Retrieved ProfileValueSource type [class org.springframework.test.annotation.SystemProfileValueSource] for class [com.uniovi.InciDashboard_e4a.InciDashboardE4aApplicationTests]
11:06:42.294 [main] DEBUG org.springframework.test.context.support.AbstractDirtiesContextTestExecutionListener - Before test class: context [DefaultTestContext@7d78b testClass = InciDashboardE4aApplicationTests, testInstance = [null], testMethod = [null], testException = [null], mergedContextConfiguration = [WebMergedContextConfiguration@128b7b0 testClass = InciDashboardE4aApplicationTests, locations = '{}', classes = '{class com.uniovi.InciDashboard_e4a.InciDashboardE4aApplication}', contextInitializerClasses = '[]', activeProfiles = '{}', propertySourceLocations = '{}', propertySourceProperties = '{org.springframework.boot.test.context.SpringBootTestContextBootstrapper=true}', contextCustomizers = set[org.springframework.boot.test.context.filter.ExcludeFilterContextCustomizer@1ddc1b9, org.springframework.boot.test.json.DuplicateJsonObjectContextCustomizerFactory$DuplicateJsonObjectContextCustomizer@ac5c80, org.springframework.boot.test.mock.mockito.MockitoContextCustomizer@0, org.springframework.boot.test.web.client.TestRestTemplateContextCustomizer@123be6c, org.springframework.boot.test.autoconfigure.properties.PropertyMappingContextCustomizer@0, org.springframework.boot.test.autoconfigure.web.servlet.WebDriverContextCustomizerFactory$Customizer@15b5fa7], resourceBasePath = 'src/main/webapp', contextLoader = 'org.springframework.boot.test.context.SpringBootContextLoader', parent = [null]], attributes = map['org.springframework.test.context.web.ServletTestExecutionListener.activateListener' -> true]], class annotated with @DirtiesContext [false] with mode [null].
11:06:42.295 [main] DEBUG org.springframework.test.annotation.ProfileValueUtils - Retrieved @ProfileValueSourceConfiguration [null] for test class [com.uniovi.InciDashboard_e4a.InciDashboardE4aApplicationTests]
11:06:42.295 [main] DEBUG org.springframework.test.annotation.ProfileValueUtils - Retrieved ProfileValueSource type [class org.springframework.test.annotation.SystemProfileValueSource] for class [com.uniovi.InciDashboard_e4a.InciDashboardE4aApplicationTests]
11:06:42.329 [main] DEBUG org.springframework.core.env.StandardEnvironment - Adding PropertySource 'systemProperties' with lowest search precedence
11:06:42.329 [main] DEBUG org.springframework.core.env.StandardEnvironment - Adding PropertySource 'systemEnvironment' with lowest search precedence
11:06:42.329 [main] DEBUG org.springframework.core.env.StandardEnvironment - Initialized StandardEnvironment with PropertySources [MapPropertySource@29249962 {name='systemProperties', properties={java.runtime.name=Java(TM) SE Runtime Environment, sun.boot.library.path=C:\Program Files (x86)\Java\jdk1.8.0_131\jre\bin, java.vm.version=25.131-b11, java.vm.vendor=Oracle Corporation, java.vendor.url=http://java.oracle.com/, path.separator=;, java.vm.name=Java HotSpot(TM) Client VM, file.encoding.pkg=sun.io, user.country=ES, user.script=, sun.java.launcher=SUN_STANDARD, sun.os.patch.level=, java.vm.specification.name=Java Virtual Machine Specification, user.dir=D:\UNIOVI\Tercero\Segundo Semestre\AWS\AWS-WK\InciDashboard_e4a, java.runtime.version=1.8.0_131-b11, basedir=D:\UNIOVI\Tercero\Segundo Semestre\AWS\AWS-WK\InciDashboard_e4a, java.awt.graphicsenv=sun.awt.Win32GraphicsEnvironment, java.endorsed.dirs=C:\Program Files (x86)\Java\jdk1.8.0_131\jre\lib\endorsed, os.arch=x86, surefire.real.class.path=C:\Users\anton\AppData\Local\Temp\surefire6029975405889209111\surefirebooter6621141249609523965.jar;C:\\Users\\anton\\.m2\\repository\\org\\jacoco\\org.jacoco.agent\\0.7.9\\org.jacoco.agent-0.7.9-runtime.jar, java.io.tmpdir=C:\Users\anton\AppData\Local\Temp\, line.separator=
, java.vm.specification.vendor=Oracle Corporation, user.variant=, os.name=Windows 10, sun.jnu.encoding=Cp1252, java.library.path=C:\Program Files (x86)\Java\jdk1.8.0_131\jre\bin;C:\WINDOWS\Sun\Java\bin;C:\WINDOWS\system32;C:\WINDOWS;D:\Programas\cmder\vendor\conemu-maximus5\ConEmu\Scripts;D:\Programas\cmder\vendor\conemu-maximus5;D:\Programas\cmder\vendor\conemu-maximus5\ConEmu;C:\Program Files\Microsoft MPI\Bin\;C:\ProgramData\Oracle\Java\javapath;C:\Program Files (x86)\Intel\iCLS Client\;C:\Program Files\Intel\iCLS Client\;C:\Windows\system32;C:\Windows;C:\Windows\System32\Wbem;C:\Program Files\maven\bin;C:\Windows\System32\WindowsPowerShell\v1.0\;C:\Program Files (x86)\NVIDIA Corporation\PhysX\Common;C:\Program Files (x86)\Intel\Intel(R) Management Engine Components\DAL;C:\Program Files (x86)\Java\jdk1.8.0_131\bin\;C:\Program Files\Intel\Intel(R) Management Engine Components\DAL;C:\Program Files\Anaconda3;C:\Program Files (x86)\Intel\Intel(R) Management Engine Components\IPT;C:\Program Files\Intel\Intel(R) Management Engine Components\IPT;C:\Program Files\Anaconda3\Scripts;D:\Programas\XAMPP\php;C:\Program Files\Git\cmd;C:\Program Files (x86)\Bitvise SSH Client;C:\Program Files\Microsoft SQL Server\130\Tools\Binn\;C:\Program Files\dotnet\;C:\Program Files (x86)\GtkSharp\2.12\bin;C:\WINDOWS\system32;C:\WINDOWS;C:\WINDOWS\System32\Wbem;C:\WINDOWS\System32\WindowsPowerShell\v1.0\;C:\Program Files\MiKTeX 2.9\miktex\bin\x64\;C:\Go\bin;C:\Program Files\nodejs\;C:\Program Files\PuTTY\;C:\Users\anton\AppData\Local\GitHubDesktop\bin;C:\Users\anton\AppData\Local\Microsoft\WindowsApps;C:\Users\anton\AppData\Local\atom\bin;D:\Programas\Docker Toolbox;C:\Users\anton\AppData\Roaming\npm;., surefire.test.class.path=D:\UNIOVI\Tercero\Segundo Semestre\AWS\AWS-WK\InciDashboard_e4a\target\test-classes;D:\UNIOVI\Tercero\Segundo Semestre\AWS\AWS-WK\InciDashboard_e4a\target\classes;C:\Users\anton\.m2\repository\org\springframework\boot\spring-boot-starter-web\2.0.0.RELEASE\spring-boot-starter-web-2.0.0.RELEASE.jar;C:\Users\anton\.m2\repository\org\springframework\boot\spring-boot-starter\2.0.0.RELEASE\spring-boot-starter-2.0.0.RELEASE.jar;C:\Users\anton\.m2\repository\org\springframework\boot\spring-boot\2.0.0.RELEASE\spring-boot-2.0.0.RELEASE.jar;C:\Users\anton\.m2\repository\org\springframework\boot\spring-boot-autoconfigure\2.0.0.RELEASE\spring-boot-autoconfigure-2.0.0.RELEASE.jar;C:\Users\anton\.m2\repository\org\springframework\boot\spring-boot-starter-logging\2.0.0.RELEASE\spring-boot-starter-logging-2.0.0.RELEASE.jar;C:\Users\anton\.m2\repository\ch\qos\logback\logback-classic\1.2.3\logback-classic-1.2.3.jar;C:\Users\anton\.m2\repository\ch\qos\logback\logback-core\1.2.3\logback-core-1.2.3.jar;C:\Users\anton\.m2\repository\org\apache\logging\log4j\log4j-to-slf4j\2.10.0\log4j-to-slf4j-2.10.0.jar;C:\Users\anton\.m2\repository\org\apache\logging\log4j\log4j-api\2.10.0\log4j-api-2.10.0.jar;C:\Users\anton\.m2\repository\org\slf4j\jul-to-slf4j\1.7.25\jul-to-slf4j-1.7.25.jar;C:\Users\anton\.m2\repository\javax\annotation\javax.annotation-api\1.3.2\javax.annotation-api-1.3.2.jar;C:\Users\anton\.m2\repository\org\yaml\snakeyaml\1.19\snakeyaml-1.19.jar;C:\Users\anton\.m2\repository\org\springframework\boot\spring-boot-starter-json\2.0.0.RELEASE\spring-boot-starter-json-2.0.0.RELEASE.jar;C:\Users\anton\.m2\repository\com\fasterxml\jackson\core\jackson-databind\2.9.4\jackson-databind-2.9.4.jar;C:\Users\anton\.m2\repository\com\fasterxml\jackson\core\jackson-annotations\2.9.0\jackson-annotations-2.9.0.jar;C:\Users\anton\.m2\repository\com\fasterxml\jackson\core\jackson-core\2.9.4\jackson-core-2.9.4.jar;C:\Users\anton\.m2\repository\com\fasterxml\jackson\datatype\jackson-datatype-jdk8\2.9.4\jackson-datatype-jdk8-2.9.4.jar;C:\Users\anton\.m2\repository\com\fasterxml\jackson\datatype\jackson-datatype-jsr310\2.9.4\jackson-datatype-jsr310-2.9.4.jar;C:\Users\anton\.m2\repository\com\fasterxml\jackson\module\jackson-module-parameter-names\2.9.4\jackson-module-parameter-names-2.9.4.jar;C:\Users\anton\.m2\repository\org\springframework\boot\spring-boot-starter-tomcat\2.0.0.RELEASE\spring-boot-starter-tomcat-2.0.0.RELEASE.jar;C:\Users\anton\.m2\repository\org\apache\tomcat\embed\tomcat-embed-core\8.5.28\tomcat-embed-core-8.5.28.jar;C:\Users\anton\.m2\repository\org\apache\tomcat\embed\tomcat-embed-el\8.5.28\tomcat-embed-el-8.5.28.jar;C:\Users\anton\.m2\repository\org\apache\tomcat\embed\tomcat-embed-websocket\8.5.28\tomcat-embed-websocket-8.5.28.jar;C:\Users\anton\.m2\repository\org\hibernate\validator\hibernate-validator\6.0.7.Final\hibernate-validator-6.0.7.Final.jar;C:\Users\anton\.m2\repository\javax\validation\validation-api\2.0.1.Final\validation-api-2.0.1.Final.jar;C:\Users\anton\.m2\repository\org\jboss\logging\jboss-logging\3.3.2.Final\jboss-logging-3.3.2.Final.jar;C:\Users\anton\.m2\repository\com\fasterxml\classmate\1.3.4\classmate-1.3.4.jar;C:\Users\anton\.m2\repository\org\springframework\spring-web\5.0.4.RELEASE\spring-web-5.0.4.RELEASE.jar;C:\Users\anton\.m2\repository\org\springframework\spring-beans\5.0.4.RELEASE\spring-beans-5.0.4.RELEASE.jar;C:\Users\anton\.m2\repository\org\springframework\spring-webmvc\5.0.4.RELEASE\spring-webmvc-5.0.4.RELEASE.jar;C:\Users\anton\.m2\repository\org\springframework\spring-expression\5.0.4.RELEASE\spring-expression-5.0.4.RELEASE.jar;C:\Users\anton\.m2\repository\org\springframework\boot\spring-boot-starter-web-services\2.0.0.RELEASE\spring-boot-starter-web-services-2.0.0.RELEASE.jar;C:\Users\anton\.m2\repository\org\springframework\spring-oxm\5.0.4.RELEASE\spring-oxm-5.0.4.RELEASE.jar;C:\Users\anton\.m2\repository\org\springframework\ws\spring-ws-core\3.0.0.RELEASE\spring-ws-core-3.0.0.RELEASE.jar;C:\Users\anton\.m2\repository\org\springframework\ws\spring-xml\3.0.0.RELEASE\spring-xml-3.0.0.RELEASE.jar;C:\Users\anton\.m2\repository\commons-io\commons-io\2.5\commons-io-2.5.jar;C:\Users\anton\.m2\repository\org\springframework\boot\spring-boot-starter-test\2.0.0.RELEASE\spring-boot-starter-test-2.0.0.RELEASE.jar;C:\Users\anton\.m2\repository\org\springframework\boot\spring-boot-test\2.0.0.RELEASE\spring-boot-test-2.0.0.RELEASE.jar;C:\Users\anton\.m2\repository\org\springframework\boot\spring-boot-test-autoconfigure\2.0.0.RELEASE\spring-boot-test-autoconfigure-2.0.0.RELEASE.jar;C:\Users\anton\.m2\repository\com\jayway\jsonpath\json-path\2.4.0\json-path-2.4.0.jar;C:\Users\anton\.m2\repository\net\minidev\json-smart\2.3\json-smart-2.3.jar;C:\Users\anton\.m2\repository\net\minidev\accessors-smart\1.2\accessors-smart-1.2.jar;C:\Users\anton\.m2\repository\org\ow2\asm\asm\5.0.4\asm-5.0.4.jar;C:\Users\anton\.m2\repository\junit\junit\4.12\junit-4.12.jar;C:\Users\anton\.m2\repository\org\assertj\assertj-core\3.9.1\assertj-core-3.9.1.jar;C:\Users\anton\.m2\repository\org\mockito\mockito-core\2.15.0\mockito-core-2.15.0.jar;C:\Users\anton\.m2\repository\net\bytebuddy\byte-buddy\1.7.10\byte-buddy-1.7.10.jar;C:\Users\anton\.m2\repository\net\bytebuddy\byte-buddy-agent\1.7.10\byte-buddy-agent-1.7.10.jar;C:\Users\anton\.m2\repository\org\objenesis\objenesis\2.6\objenesis-2.6.jar;C:\Users\anton\.m2\repository\org\hamcrest\hamcrest-core\1.3\hamcrest-core-1.3.jar;C:\Users\anton\.m2\repository\org\hamcrest\hamcrest-library\1.3\hamcrest-library-1.3.jar;C:\Users\anton\.m2\repository\org\skyscreamer\jsonassert\1.5.0\jsonassert-1.5.0.jar;C:\Users\anton\.m2\repository\com\vaadin\external\google\android-json\0.0.20131108.vaadin1\android-json-0.0.20131108.vaadin1.jar;C:\Users\anton\.m2\repository\org\springframework\spring-core\5.0.4.RELEASE\spring-core-5.0.4.RELEASE.jar;C:\Users\anton\.m2\repository\org\springframework\spring-jcl\5.0.4.RELEASE\spring-jcl-5.0.4.RELEASE.jar;C:\Users\anton\.m2\repository\org\springframework\spring-test\5.0.4.RELEASE\spring-test-5.0.4.RELEASE.jar;C:\Users\anton\.m2\repository\org\xmlunit\xmlunit-core\2.5.1\xmlunit-core-2.5.1.jar;C:\Users\anton\.m2\repository\org\springframework\boot\spring-boot-starter-thymeleaf\2.0.0.RELEASE\spring-boot-starter-thymeleaf-2.0.0.RELEASE.jar;C:\Users\anton\.m2\repository\org\thymeleaf\thymeleaf-spring5\3.0.9.RELEASE\thymeleaf-spring5-3.0.9.RELEASE.jar;C:\Users\anton\.m2\repository\org\thymeleaf\thymeleaf\3.0.9.RELEASE\thymeleaf-3.0.9.RELEASE.jar;C:\Users\anton\.m2\repository\org\attoparser\attoparser\2.0.4.RELEASE\attoparser-2.0.4.RELEASE.jar;C:\Users\anton\.m2\repository\org\unbescape\unbescape\1.1.5.RELEASE\unbescape-1.1.5.RELEASE.jar;C:\Users\anton\.m2\repository\org\thymeleaf\extras\thymeleaf-extras-java8time\3.0.1.RELEASE\thymeleaf-extras-java8time-3.0.1.RELEASE.jar;C:\Users\anton\.m2\repository\net\sourceforge\nekohtml\nekohtml\1.9.22\nekohtml-1.9.22.jar;C:\Users\anton\.m2\repository\xerces\xercesImpl\2.11.0\xercesImpl-2.11.0.jar;C:\Users\anton\.m2\repository\xml-apis\xml-apis\1.4.01\xml-apis-1.4.01.jar;C:\Users\anton\.m2\repository\org\springframework\kafka\spring-kafka\2.1.4.RELEASE\spring-kafka-2.1.4.RELEASE.jar;C:\Users\anton\.m2\repository\org\springframework\spring-context\5.0.4.RELEASE\spring-context-5.0.4.RELEASE.jar;C:\Users\anton\.m2\repository\org\springframework\spring-messaging\5.0.4.RELEASE\spring-messaging-5.0.4.RELEASE.jar;C:\Users\anton\.m2\repository\org\springframework\spring-tx\5.0.4.RELEASE\spring-tx-5.0.4.RELEASE.jar;C:\Users\anton\.m2\repository\org\springframework\retry\spring-retry\1.2.2.RELEASE\spring-retry-1.2.2.RELEASE.jar;C:\Users\anton\.m2\repository\org\apache\kafka\kafka-clients\1.0.0\kafka-clients-1.0.0.jar;C:\Users\anton\.m2\repository\org\lz4\lz4-java\1.4\lz4-java-1.4.jar;C:\Users\anton\.m2\repository\org\xerial\snappy\snappy-java\1.1.4\snappy-java-1.1.4.jar;C:\Users\anton\.m2\repository\org\springframework\boot\spring-boot-starter-data-jpa\2.0.0.RELEASE\spring-boot-starter-data-jpa-2.0.0.RELEASE.jar;C:\Users\anton\.m2\repository\org\springframework\boot\spring-boot-starter-aop\2.0.0.RELEASE\spring-boot-starter-aop-2.0.0.RELEASE.jar;C:\Users\anton\.m2\repository\org\aspectj\aspectjweaver\1.8.13\aspectjweaver-1.8.13.jar;C:\Users\anton\.m2\repository\org\springframework\boot\spring-boot-starter-jdbc\2.0.0.RELEASE\spring-boot-starter-jdbc-2.0.0.RELEASE.jar;C:\Users\anton\.m2\repository\com\zaxxer\HikariCP\2.7.8\HikariCP-2.7.8.jar;C:\Users\anton\.m2\repository\org\springframework\spring-jdbc\5.0.4.RELEASE\spring-jdbc-5.0.4.RELEASE.jar;C:\Users\anton\.m2\repository\org\hibernate\hibernate-core\5.2.14.Final\hibernate-core-5.2.14.Final.jar;C:\Users\anton\.m2\repository\org\hibernate\javax\persistence\hibernate-jpa-2.1-api\1.0.0.Final\hibernate-jpa-2.1-api-1.0.0.Final.jar;C:\Users\anton\.m2\repository\org\javassist\javassist\3.22.0-GA\javassist-3.22.0-GA.jar;C:\Users\anton\.m2\repository\antlr\antlr\2.7.7\antlr-2.7.7.jar;C:\Users\anton\.m2\repository\org\jboss\jandex\2.0.3.Final\jandex-2.0.3.Final.jar;C:\Users\anton\.m2\repository\dom4j\dom4j\1.6.1\dom4j-1.6.1.jar;C:\Users\anton\.m2\repository\org\hibernate\common\hibernate-commons-annotations\5.0.1.Final\hibernate-commons-annotations-5.0.1.Final.jar;C:\Users\anton\.m2\repository\javax\transaction\javax.transaction-api\1.2\javax.transaction-api-1.2.jar;C:\Users\anton\.m2\repository\org\springframework\data\spring-data-jpa\2.0.5.RELEASE\spring-data-jpa-2.0.5.RELEASE.jar;C:\Users\anton\.m2\repository\org\springframework\data\spring-data-commons\2.0.5.RELEASE\spring-data-commons-2.0.5.RELEASE.jar;C:\Users\anton\.m2\repository\org\springframework\spring-orm\5.0.4.RELEASE\spring-orm-5.0.4.RELEASE.jar;C:\Users\anton\.m2\repository\org\springframework\spring-aspects\5.0.4.RELEASE\spring-aspects-5.0.4.RELEASE.jar;C:\Users\anton\.m2\repository\org\springframework\boot\spring-boot-starter-security\2.0.0.RELEASE\spring-boot-starter-security-2.0.0.RELEASE.jar;C:\Users\anton\.m2\repository\org\springframework\spring-aop\5.0.4.RELEASE\spring-aop-5.0.4.RELEASE.jar;C:\Users\anton\.m2\repository\org\springframework\security\spring-security-config\5.0.3.RELEASE\spring-security-config-5.0.3.RELEASE.jar;C:\Users\anton\.m2\repository\org\springframework\security\spring-security-core\5.0.3.RELEASE\spring-security-core-5.0.3.RELEASE.jar;C:\Users\anton\.m2\repository\org\springframework\security\spring-security-web\5.0.3.RELEASE\spring-security-web-5.0.3.RELEASE.jar;C:\Users\anton\.m2\repository\org\thymeleaf\extras\thymeleaf-extras-springsecurity4\3.0.2.RELEASE\thymeleaf-extras-springsecurity4-3.0.2.RELEASE.jar;C:\Users\anton\.m2\repository\org\slf4j\slf4j-api\1.7.25\slf4j-api-1.7.25.jar;C:\Users\anton\.m2\repository\com\google\code\gson\gson\2.8.2\gson-2.8.2.jar;C:\Users\anton\.m2\repository\org\json\json\20180130\json-20180130.jar;C:\Users\anton\.m2\repository\org\hsqldb\hsqldb\2.4.0\hsqldb-2.4.0.jar;, java.specification.name=Java Platform API Specification, java.class.version=52.0, sun.management.compiler=HotSpot Client Compiler, os.version=10.0, user.home=C:\Users\anton, user.timezone=Europe/Paris, java.awt.printerjob=sun.awt.windows.WPrinterJob, file.encoding=Cp1252, java.specification.version=1.8, java.class.path=D:\UNIOVI\Tercero\Segundo Semestre\AWS\AWS-WK\InciDashboard_e4a\target\test-classes;D:\UNIOVI\Tercero\Segundo Semestre\AWS\AWS-WK\InciDashboard_e4a\target\classes;C:\Users\anton\.m2\repository\org\springframework\boot\spring-boot-starter-web\2.0.0.RELEASE\spring-boot-starter-web-2.0.0.RELEASE.jar;C:\Users\anton\.m2\repository\org\springframework\boot\spring-boot-starter\2.0.0.RELEASE\spring-boot-starter-2.0.0.RELEASE.jar;C:\Users\anton\.m2\repository\org\springframework\boot\spring-boot\2.0.0.RELEASE\spring-boot-2.0.0.RELEASE.jar;C:\Users\anton\.m2\repository\org\springframework\boot\spring-boot-autoconfigure\2.0.0.RELEASE\spring-boot-autoconfigure-2.0.0.RELEASE.jar;C:\Users\anton\.m2\repository\org\springframework\boot\spring-boot-starter-logging\2.0.0.RELEASE\spring-boot-starter-logging-2.0.0.RELEASE.jar;C:\Users\anton\.m2\repository\ch\qos\logback\logback-classic\1.2.3\logback-classic-1.2.3.jar;C:\Users\anton\.m2\repository\ch\qos\logback\logback-core\1.2.3\logback-core-1.2.3.jar;C:\Users\anton\.m2\repository\org\apache\logging\log4j\log4j-to-slf4j\2.10.0\log4j-to-slf4j-2.10.0.jar;C:\Users\anton\.m2\repository\org\apache\logging\log4j\log4j-api\2.10.0\log4j-api-2.10.0.jar;C:\Users\anton\.m2\repository\org\slf4j\jul-to-slf4j\1.7.25\jul-to-slf4j-1.7.25.jar;C:\Users\anton\.m2\repository\javax\annotation\javax.annotation-api\1.3.2\javax.annotation-api-1.3.2.jar;C:\Users\anton\.m2\repository\org\yaml\snakeyaml\1.19\snakeyaml-1.19.jar;C:\Users\anton\.m2\repository\org\springframework\boot\spring-boot-starter-json\2.0.0.RELEASE\spring-boot-starter-json-2.0.0.RELEASE.jar;C:\Users\anton\.m2\repository\com\fasterxml\jackson\core\jackson-databind\2.9.4\jackson-databind-2.9.4.jar;C:\Users\anton\.m2\repository\com\fasterxml\jackson\core\jackson-annotations\2.9.0\jackson-annotations-2.9.0.jar;C:\Users\anton\.m2\repository\com\fasterxml\jackson\core\jackson-core\2.9.4\jackson-core-2.9.4.jar;C:\Users\anton\.m2\repository\com\fasterxml\jackson\datatype\jackson-datatype-jdk8\2.9.4\jackson-datatype-jdk8-2.9.4.jar;C:\Users\anton\.m2\repository\com\fasterxml\jackson\datatype\jackson-datatype-jsr310\2.9.4\jackson-datatype-jsr310-2.9.4.jar;C:\Users\anton\.m2\repository\com\fasterxml\jackson\module\jackson-module-parameter-names\2.9.4\jackson-module-parameter-names-2.9.4.jar;C:\Users\anton\.m2\repository\org\springframework\boot\spring-boot-starter-tomcat\2.0.0.RELEASE\spring-boot-starter-tomcat-2.0.0.RELEASE.jar;C:\Users\anton\.m2\repository\org\apache\tomcat\embed\tomcat-embed-core\8.5.28\tomcat-embed-core-8.5.28.jar;C:\Users\anton\.m2\repository\org\apache\tomcat\embed\tomcat-embed-el\8.5.28\tomcat-embed-el-8.5.28.jar;C:\Users\anton\.m2\repository\org\apache\tomcat\embed\tomcat-embed-websocket\8.5.28\tomcat-embed-websocket-8.5.28.jar;C:\Users\anton\.m2\repository\org\hibernate\validator\hibernate-validator\6.0.7.Final\hibernate-validator-6.0.7.Final.jar;C:\Users\anton\.m2\repository\javax\validation\validation-api\2.0.1.Final\validation-api-2.0.1.Final.jar;C:\Users\anton\.m2\repository\org\jboss\logging\jboss-logging\3.3.2.Final\jboss-logging-3.3.2.Final.jar;C:\Users\anton\.m2\repository\com\fasterxml\classmate\1.3.4\classmate-1.3.4.jar;C:\Users\anton\.m2\repository\org\springframework\spring-web\5.0.4.RELEASE\spring-web-5.0.4.RELEASE.jar;C:\Users\anton\.m2\repository\org\springframework\spring-beans\5.0.4.RELEASE\spring-beans-5.0.4.RELEASE.jar;C:\Users\anton\.m2\repository\org\springframework\spring-webmvc\5.0.4.RELEASE\spring-webmvc-5.0.4.RELEASE.jar;C:\Users\anton\.m2\repository\org\springframework\spring-expression\5.0.4.RELEASE\spring-expression-5.0.4.RELEASE.jar;C:\Users\anton\.m2\repository\org\springframework\boot\spring-boot-starter-web-services\2.0.0.RELEASE\spring-boot-starter-web-services-2.0.0.RELEASE.jar;C:\Users\anton\.m2\repository\org\springframework\spring-oxm\5.0.4.RELEASE\spring-oxm-5.0.4.RELEASE.jar;C:\Users\anton\.m2\repository\org\springframework\ws\spring-ws-core\3.0.0.RELEASE\spring-ws-core-3.0.0.RELEASE.jar;C:\Users\anton\.m2\repository\org\springframework\ws\spring-xml\3.0.0.RELEASE\spring-xml-3.0.0.RELEASE.jar;C:\Users\anton\.m2\repository\commons-io\commons-io\2.5\commons-io-2.5.jar;C:\Users\anton\.m2\repository\org\springframework\boot\spring-boot-starter-test\2.0.0.RELEASE\spring-boot-starter-test-2.0.0.RELEASE.jar;C:\Users\anton\.m2\repository\org\springframework\boot\spring-boot-test\2.0.0.RELEASE\spring-boot-test-2.0.0.RELEASE.jar;C:\Users\anton\.m2\repository\org\springframework\boot\spring-boot-test-autoconfigure\2.0.0.RELEASE\spring-boot-test-autoconfigure-2.0.0.RELEASE.jar;C:\Users\anton\.m2\repository\com\jayway\jsonpath\json-path\2.4.0\json-path-2.4.0.jar;C:\Users\anton\.m2\repository\net\minidev\json-smart\2.3\json-smart-2.3.jar;C:\Users\anton\.m2\repository\net\minidev\accessors-smart\1.2\accessors-smart-1.2.jar;C:\Users\anton\.m2\repository\org\ow2\asm\asm\5.0.4\asm-5.0.4.jar;C:\Users\anton\.m2\repository\junit\junit\4.12\junit-4.12.jar;C:\Users\anton\.m2\repository\org\assertj\assertj-core\3.9.1\assertj-core-3.9.1.jar;C:\Users\anton\.m2\repository\org\mockito\mockito-core\2.15.0\mockito-core-2.15.0.jar;C:\Users\anton\.m2\repository\net\bytebuddy\byte-buddy\1.7.10\byte-buddy-1.7.10.jar;C:\Users\anton\.m2\repository\net\bytebuddy\byte-buddy-agent\1.7.10\byte-buddy-agent-1.7.10.jar;C:\Users\anton\.m2\repository\org\objenesis\objenesis\2.6\objenesis-2.6.jar;C:\Users\anton\.m2\repository\org\hamcrest\hamcrest-core\1.3\hamcrest-core-1.3.jar;C:\Users\anton\.m2\repository\org\hamcrest\hamcrest-library\1.3\hamcrest-library-1.3.jar;C:\Users\anton\.m2\repository\org\skyscreamer\jsonassert\1.5.0\jsonassert-1.5.0.jar;C:\Users\anton\.m2\repository\com\vaadin\external\google\android-json\0.0.20131108.vaadin1\android-json-0.0.20131108.vaadin1.jar;C:\Users\anton\.m2\repository\org\springframework\spring-core\5.0.4.RELEASE\spring-core-5.0.4.RELEASE.jar;C:\Users\anton\.m2\repository\org\springframework\spring-jcl\5.0.4.RELEASE\spring-jcl-5.0.4.RELEASE.jar;C:\Users\anton\.m2\repository\org\springframework\spring-test\5.0.4.RELEASE\spring-test-5.0.4.RELEASE.jar;C:\Users\anton\.m2\repository\org\xmlunit\xmlunit-core\2.5.1\xmlunit-core-2.5.1.jar;C:\Users\anton\.m2\repository\org\springframework\boot\spring-boot-starter-thymeleaf\2.0.0.RELEASE\spring-boot-starter-thymeleaf-2.0.0.RELEASE.jar;C:\Users\anton\.m2\repository\org\thymeleaf\thymeleaf-spring5\3.0.9.RELEASE\thymeleaf-spring5-3.0.9.RELEASE.jar;C:\Users\anton\.m2\repository\org\thymeleaf\thymeleaf\3.0.9.RELEASE\thymeleaf-3.0.9.RELEASE.jar;C:\Users\anton\.m2\repository\org\attoparser\attoparser\2.0.4.RELEASE\attoparser-2.0.4.RELEASE.jar;C:\Users\anton\.m2\repository\org\unbescape\unbescape\1.1.5.RELEASE\unbescape-1.1.5.RELEASE.jar;C:\Users\anton\.m2\repository\org\thymeleaf\extras\thymeleaf-extras-java8time\3.0.1.RELEASE\thymeleaf-extras-java8time-3.0.1.RELEASE.jar;C:\Users\anton\.m2\repository\net\sourceforge\nekohtml\nekohtml\1.9.22\nekohtml-1.9.22.jar;C:\Users\anton\.m2\repository\xerces\xercesImpl\2.11.0\xercesImpl-2.11.0.jar;C:\Users\anton\.m2\repository\xml-apis\xml-apis\1.4.01\xml-apis-1.4.01.jar;C:\Users\anton\.m2\repository\org\springframework\kafka\spring-kafka\2.1.4.RELEASE\spring-kafka-2.1.4.RELEASE.jar;C:\Users\anton\.m2\repository\org\springframework\spring-context\5.0.4.RELEASE\spring-context-5.0.4.RELEASE.jar;C:\Users\anton\.m2\repository\org\springframework\spring-messaging\5.0.4.RELEASE\spring-messaging-5.0.4.RELEASE.jar;C:\Users\anton\.m2\repository\org\springframework\spring-tx\5.0.4.RELEASE\spring-tx-5.0.4.RELEASE.jar;C:\Users\anton\.m2\repository\org\springframework\retry\spring-retry\1.2.2.RELEASE\spring-retry-1.2.2.RELEASE.jar;C:\Users\anton\.m2\repository\org\apache\kafka\kafka-clients\1.0.0\kafka-clients-1.0.0.jar;C:\Users\anton\.m2\repository\org\lz4\lz4-java\1.4\lz4-java-1.4.jar;C:\Users\anton\.m2\repository\org\xerial\snappy\snappy-java\1.1.4\snappy-java-1.1.4.jar;C:\Users\anton\.m2\repository\org\springframework\boot\spring-boot-starter-data-jpa\2.0.0.RELEASE\spring-boot-starter-data-jpa-2.0.0.RELEASE.jar;C:\Users\anton\.m2\repository\org\springframework\boot\spring-boot-starter-aop\2.0.0.RELEASE\spring-boot-starter-aop-2.0.0.RELEASE.jar;C:\Users\anton\.m2\repository\org\aspectj\aspectjweaver\1.8.13\aspectjweaver-1.8.13.jar;C:\Users\anton\.m2\repository\org\springframework\boot\spring-boot-starter-jdbc\2.0.0.RELEASE\spring-boot-starter-jdbc-2.0.0.RELEASE.jar;C:\Users\anton\.m2\repository\com\zaxxer\HikariCP\2.7.8\HikariCP-2.7.8.jar;C:\Users\anton\.m2\repository\org\springframework\spring-jdbc\5.0.4.RELEASE\spring-jdbc-5.0.4.RELEASE.jar;C:\Users\anton\.m2\repository\org\hibernate\hibernate-core\5.2.14.Final\hibernate-core-5.2.14.Final.jar;C:\Users\anton\.m2\repository\org\hibernate\javax\persistence\hibernate-jpa-2.1-api\1.0.0.Final\hibernate-jpa-2.1-api-1.0.0.Final.jar;C:\Users\anton\.m2\repository\org\javassist\javassist\3.22.0-GA\javassist-3.22.0-GA.jar;C:\Users\anton\.m2\repository\antlr\antlr\2.7.7\antlr-2.7.7.jar;C:\Users\anton\.m2\repository\org\jboss\jandex\2.0.3.Final\jandex-2.0.3.Final.jar;C:\Users\anton\.m2\repository\dom4j\dom4j\1.6.1\dom4j-1.6.1.jar;C:\Users\anton\.m2\repository\org\hibernate\common\hibernate-commons-annotations\5.0.1.Final\hibernate-commons-annotations-5.0.1.Final.jar;C:\Users\anton\.m2\repository\javax\transaction\javax.transaction-api\1.2\javax.transaction-api-1.2.jar;C:\Users\anton\.m2\repository\org\springframework\data\spring-data-jpa\2.0.5.RELEASE\spring-data-jpa-2.0.5.RELEASE.jar;C:\Users\anton\.m2\repository\org\springframework\data\spring-data-commons\2.0.5.RELEASE\spring-data-commons-2.0.5.RELEASE.jar;C:\Users\anton\.m2\repository\org\springframework\spring-orm\5.0.4.RELEASE\spring-orm-5.0.4.RELEASE.jar;C:\Users\anton\.m2\repository\org\springframework\spring-aspects\5.0.4.RELEASE\spring-aspects-5.0.4.RELEASE.jar;C:\Users\anton\.m2\repository\org\springframework\boot\spring-boot-starter-security\2.0.0.RELEASE\spring-boot-starter-security-2.0.0.RELEASE.jar;C:\Users\anton\.m2\repository\org\springframework\spring-aop\5.0.4.RELEASE\spring-aop-5.0.4.RELEASE.jar;C:\Users\anton\.m2\repository\org\springframework\security\spring-security-config\5.0.3.RELEASE\spring-security-config-5.0.3.RELEASE.jar;C:\Users\anton\.m2\repository\org\springframework\security\spring-security-core\5.0.3.RELEASE\spring-security-core-5.0.3.RELEASE.jar;C:\Users\anton\.m2\repository\org\springframework\security\spring-security-web\5.0.3.RELEASE\spring-security-web-5.0.3.RELEASE.jar;C:\Users\anton\.m2\repository\org\thymeleaf\extras\thymeleaf-extras-springsecurity4\3.0.2.RELEASE\thymeleaf-extras-springsecurity4-3.0.2.RELEASE.jar;C:\Users\anton\.m2\repository\org\slf4j\slf4j-api\1.7.25\slf4j-api-1.7.25.jar;C:\Users\anton\.m2\repository\com\google\code\gson\gson\2.8.2\gson-2.8.2.jar;C:\Users\anton\.m2\repository\org\json\json\20180130\json-20180130.jar;C:\Users\anton\.m2\repository\org\hsqldb\hsqldb\2.4.0\hsqldb-2.4.0.jar;, user.name=anton, java.vm.specification.version=1.8, sun.java.command=C:\Users\anton\AppData\Local\Temp\surefire6029975405889209111\surefirebooter6621141249609523965.jar C:\Users\anton\AppData\Local\Temp\surefire6029975405889209111 2018-03-22T11-06-38_696-jvmRun1 surefire2669207105824129722tmp surefire_07270291888331928060tmp, java.home=C:\Program Files (x86)\Java\jdk1.8.0_131\jre, sun.arch.data.model=32, user.language=es, java.specification.vendor=Oracle Corporation, awt.toolkit=sun.awt.windows.WToolkit, java.vm.info=mixed mode, java.version=1.8.0_131, java.ext.dirs=C:\Program Files (x86)\Java\jdk1.8.0_131\jre\lib\ext;C:\WINDOWS\Sun\Java\lib\ext, sun.boot.class.path=C:\Program Files (x86)\Java\jdk1.8.0_131\jre\lib\resources.jar;C:\Program Files (x86)\Java\jdk1.8.0_131\jre\lib\rt.jar;C:\Program Files (x86)\Java\jdk1.8.0_131\jre\lib\sunrsasign.jar;C:\Program Files (x86)\Java\jdk1.8.0_131\jre\lib\jsse.jar;C:\Program Files (x86)\Java\jdk1.8.0_131\jre\lib\jce.jar;C:\Program Files (x86)\Java\jdk1.8.0_131\jre\lib\charsets.jar;C:\Program Files (x86)\Java\jdk1.8.0_131\jre\lib\jfr.jar;C:\Program Files (x86)\Java\jdk1.8.0_131\jre\classes, java.vendor=Oracle Corporation, localRepository=C:\Users\anton\.m2\repository, file.separator=\, java.vendor.url.bug=http://bugreport.sun.com/bugreport/, sun.io.unicode.encoding=UnicodeLittle, sun.cpu.endian=little, sun.desktop=windows, sun.cpu.isalist=pentium_pro+mmx pentium_pro pentium+mmx pentium i486 i386 i86}}, SystemEnvironmentPropertySource@16909147 {name='systemEnvironment', properties={CONEMUDRIVE=D:, PATH=D:\Programas\cmder\vendor\conemu-maximus5\ConEmu\Scripts;D:\Programas\cmder\vendor\conemu-maximus5;D:\Programas\cmder\vendor\conemu-maximus5\ConEmu;C:\Program Files\Microsoft MPI\Bin\;C:\ProgramData\Oracle\Java\javapath;C:\Program Files (x86)\Intel\iCLS Client\;C:\Program Files\Intel\iCLS Client\;C:\Windows\system32;C:\Windows;C:\Windows\System32\Wbem;C:\Program Files\maven\bin;C:\Windows\System32\WindowsPowerShell\v1.0\;C:\Program Files (x86)\NVIDIA Corporation\PhysX\Common;C:\Program Files (x86)\Intel\Intel(R) Management Engine Components\DAL;C:\Program Files (x86)\Java\jdk1.8.0_131\bin\;C:\Program Files\Intel\Intel(R) Management Engine Components\DAL;C:\Program Files\Anaconda3;C:\Program Files (x86)\Intel\Intel(R) Management Engine Components\IPT;C:\Program Files\Intel\Intel(R) Management Engine Components\IPT;C:\Program Files\Anaconda3\Scripts;D:\Programas\XAMPP\php;C:\Program Files\Git\cmd;C:\Program Files (x86)\Bitvise SSH Client;C:\Program Files\Microsoft SQL Server\130\Tools\Binn\;C:\Program Files\dotnet\;C:\Program Files (x86)\GtkSharp\2.12\bin;C:\WINDOWS\system32;C:\WINDOWS;C:\WINDOWS\System32\Wbem;C:\WINDOWS\System32\WindowsPowerShell\v1.0\;C:\Program Files\MiKTeX 2.9\miktex\bin\x64\;C:\Go\bin;C:\Program Files\nodejs\;C:\Program Files\PuTTY\;C:\Users\anton\AppData\Local\GitHubDesktop\bin;C:\Users\anton\AppData\Local\Microsoft\WindowsApps;C:\Users\anton\AppData\Local\atom\bin;D:\Programas\Docker Toolbox;C:\Users\anton\AppData\Roaming\npm, USERDOMAIN_ROAMINGPROFILE=LAPTOP-O9LVBBLQ, PROCESSOR_LEVEL=6, SYSTEMDRIVE=C:, CONEMUBUILD=171025, SESSIONNAME=Console, ALLUSERSPROFILE=C:\ProgramData, PROCESSOR_ARCHITECTURE=x86, CONEMUHOOKS=Enabled, MAVEN_HOME=C:\Program Files\maven\bin\.., PROGRAMFILES=C:\Program Files (x86), CONEMUCFGDIR=D:\Programas\cmder\vendor\conemu-maximus5, PSMODULEPATH=C:\Program Files\WindowsPowerShell\Modules;C:\WINDOWS\system32\WindowsPowerShell\v1.0\Modules;C:\Program Files\WindowsPowerShell\Modules\;C:\Program Files (x86)\Microsoft SDKs\Azure\PowerShell\ResourceManager\AzureResourceManager\;C:\Program Files (x86)\Microsoft SDKs\Azure\PowerShell\ServiceManagement\;C:\Program Files (x86)\Microsoft SDKs\Azure\PowerShell\Storage\, PROGRAMDATA=C:\ProgramData, USERNAME=anton, WDIR=D:\UNIOVI\Tercero\Segundo Semestre\AWS\AWS-WK\InciDashboard_e4a, CONEMUDRAWHWND=0x00050882, FPS_BROWSER_USER_PROFILE_STRING=Default, ONEDRIVE=C:\Users\anton\OneDrive - Universidad de Oviedo, PATHEXT=.COM;.EXE;.BAT;.CMD;.VBS;.VBE;.JS;.JSE;.WSF;.WSH;.MSC, CONEMUANSILOG=, CONEMUHWND=0x00090830, PROCESSOR_ARCHITEW6432=AMD64, CLASSWORLDS_JAR="C:\Program Files\maven\bin\..\boot\plexus-classworlds-2.5.2.jar", GOPATH=C:\Users\anton\Desktop\Fabric\goWK\, CONEMUDIR=D:\Programas\cmder\vendor\conemu-maximus5, CONEMUPID=9396, WINDIR=C:\WINDOWS, HOMEPATH=\Users\anton, PROCESSOR_IDENTIFIER=Intel64 Family 6 Model 142 Stepping 9, GenuineIntel, CONEMUSERVERPID=13624, PUBLIC=C:\Users\Public, ANSICON_DEF=7, =::=::\, LOCALAPPDATA=C:\Users\anton\AppData\Local, MSMPI_BIN=C:\Program Files\Microsoft MPI\Bin\, COMMONPROGRAMFILES(X86)=C:\Program Files (x86)\Common Files, USERDOMAIN=LAPTOP-O9LVBBLQ, FPS_BROWSER_APP_PROFILE_STRING=Internet Explorer, LOGONSERVER=\\LAPTOP-O9LVBBLQ, JAVA_HOME=C:\Program Files (x86)\Java\jdk1.8.0_131\, PROMPT=$P$G, FSHARPINSTALLDIR=C:\Program Files (x86)\Microsoft SDKs\F#\4.1\Framework\v4.0\, PROGRAMFILES(X86)=C:\Program Files (x86), ERROR_CODE=0, EXEC_DIR=D:\UNIOVI\Tercero\Segundo Semestre\AWS\AWS-WK\InciDashboard_e4a, APPDATA=C:\Users\anton\AppData\Roaming, PROGRAMW6432=C:\Program Files, GTK_BASEPATH=C:\Program Files (x86)\GtkSharp\2.12\, SYSTEMROOT=C:\WINDOWS, CONEMUARGS=/NOSINGLE , CONEMUBACKHWND=0x00060846, MAVEN_CMD_LINE_ARGS=install, VBOX_MSI_INSTALL_PATH=C:\Program Files\Oracle\VirtualBox\, CONEMUARGS2=-cmdlist -new_console:c "C:\Windows\System32\cmd.exe" , OS=Windows_NT, COMMONPROGRAMW6432=C:\Program Files\Common Files, COMPUTERNAME=LAPTOP-O9LVBBLQ, COMMONPROGRAMFILES=C:\Program Files (x86)\Common Files, COMSPEC=C:\WINDOWS\system32\cmd.exe, JAVACMD=C:\Program Files (x86)\Java\jdk1.8.0_131\\bin\java.exe, MAVEN_PROJECTBASEDIR=D:\UNIOVI\Tercero\Segundo Semestre\AWS\AWS-WK\InciDashboard_e4a, PROCESSOR_REVISION=8e09, CONEMUPALETTE=Monokai, GOROOT=C:\Go\, CLASSWORLDS_LAUNCHER=org.codehaus.plexus.classworlds.launcher.Launcher, CONEMUCONFIG=, CONEMUWORKDIR=D:\UNIOVI\Tercero\Segundo Semestre\AWS\AWS-WK\InciDashboard_e4a, =D:=D:\UNIOVI\Tercero\Segundo Semestre\AWS\AWS-WK\InciDashboard_e4a, TEMP=C:\Users\anton\AppData\Local\Temp, HOMEDRIVE=C:, USERPROFILE=C:\Users\anton, CONEMUBASEDIRSHORT=D:\Programas\cmder\vendor\conemu-maximus5\ConEmu, TMP=C:\Users\anton\AppData\Local\Temp, CONEMUBASEDIR=D:\Programas\cmder\vendor\conemu-maximus5\ConEmu, NUMBER_OF_PROCESSORS=4, CONEMUWORKDRIVE=D:, CONEMUANSI=ON, JVMCONFIG=\.mvn\jvm.config, ANSICON=120x1000 (120x27), DOCKER_TOOLBOX_INSTALL_PATH=D:\Programas\Docker Toolbox}}]
11:06:42.332 [main] DEBUG org.springframework.test.context.support.TestPropertySourceUtils - Adding inlined properties to environment: {spring.jmx.enabled=false, org.springframework.boot.test.context.SpringBootTestContextBootstrapper=true, server.port=-1}
11:06:42.333 [main] DEBUG org.springframework.core.env.StandardEnvironment - Adding PropertySource 'Inlined Test Properties' with highest search precedence

  .   ____          _            __ _ _
 /\\ / ___'_ __ _ _(_)_ __  __ _ \ \ \ \
( ( )\___ | '_ | '_| | '_ \/ _` | \ \ \ \
 \\/  ___)| |_)| | | | | || (_| |  ) ) ) )
  '  |____| .__|_| |_|_| |_\__, | / / / /
 =========|_|==============|___/=/_/_/_/
 :: Spring Boot ::        (v2.0.0.RELEASE)

2018-03-22 11:06:42.866  WARN 10668 --- [           main] ory$DuplicateJsonObjectContextCustomizer : 

Found multiple occurrences of org.json.JSONObject on the class path:

	jar:file:/C:/Users/anton/.m2/repository/com/vaadin/external/google/android-json/0.0.20131108.vaadin1/android-json-0.0.20131108.vaadin1.jar!/org/json/JSONObject.class
	jar:file:/C:/Users/anton/.m2/repository/org/json/json/20180130/json-20180130.jar!/org/json/JSONObject.class

You may wish to exclude one of them to ensure predictable runtime behavior

2018-03-22 11:06:42.928  INFO 10668 --- [           main] c.u.I.InciDashboardE4aApplicationTests   : Starting InciDashboardE4aApplicationTests on LAPTOP-O9LVBBLQ with PID 10668 (started by anton in D:\UNIOVI\Tercero\Segundo Semestre\AWS\AWS-WK\InciDashboard_e4a)
2018-03-22 11:06:42.928  INFO 10668 --- [           main] c.u.I.InciDashboardE4aApplicationTests   : No active profile set, falling back to default profiles: default
2018-03-22 11:06:43.055  INFO 10668 --- [           main] o.s.w.c.s.GenericWebApplicationContext   : Refreshing org.springframework.web.context.support.GenericWebApplicationContext@a5496f: startup date [Thu Mar 22 11:06:43 CET 2018]; root of context hierarchy
2018-03-22 11:06:44.221  INFO 10668 --- [           main] o.s.b.f.s.DefaultListableBeanFactory     : Overriding bean definition for bean 'bCryptPasswordEncoder' with a different definition: replacing [Root bean: class [null]; scope=; abstract=false; lazyInit=false; autowireMode=3; dependencyCheck=0; autowireCandidate=true; primary=false; factoryBeanName=loginController; factoryMethodName=bCryptPasswordEncoder; initMethodName=null; destroyMethodName=(inferred); defined in class path resource [com/uniovi/InciDashboard_e4a/controllers/LoginController.class]] with [Root bean: class [null]; scope=; abstract=false; lazyInit=false; autowireMode=3; dependencyCheck=0; autowireCandidate=true; primary=false; factoryBeanName=webSecurityConfig; factoryMethodName=bCryptPasswordEncoder; initMethodName=null; destroyMethodName=(inferred); defined in class path resource [com/uniovi/InciDashboard_e4a/WebSecurityConfig.class]]
2018-03-22 11:06:45.760  INFO 10668 --- [           main] trationDelegate$BeanPostProcessorChecker : Bean 'org.springframework.kafka.annotation.KafkaBootstrapConfiguration' of type [org.springframework.kafka.annotation.KafkaBootstrapConfiguration$$EnhancerBySpringCGLIB$$351ef94e] is not eligible for getting processed by all BeanPostProcessors (for example: not eligible for auto-proxying)
2018-03-22 11:06:45.817  INFO 10668 --- [           main] trationDelegate$BeanPostProcessorChecker : Bean 'org.springframework.ws.config.annotation.DelegatingWsConfiguration' of type [org.springframework.ws.config.annotation.DelegatingWsConfiguration$$EnhancerBySpringCGLIB$$604acca] is not eligible for getting processed by all BeanPostProcessors (for example: not eligible for auto-proxying)
2018-03-22 11:06:45.881  INFO 10668 --- [           main] .w.s.a.s.AnnotationActionEndpointMapping : Supporting [WS-Addressing August 2004, WS-Addressing 1.0]
2018-03-22 11:06:45.916  INFO 10668 --- [           main] trationDelegate$BeanPostProcessorChecker : Bean 'org.springframework.transaction.annotation.ProxyTransactionManagementConfiguration' of type [org.springframework.transaction.annotation.ProxyTransactionManagementConfiguration$$EnhancerBySpringCGLIB$$616ce7cb] is not eligible for getting processed by all BeanPostProcessors (for example: not eligible for auto-proxying)
2018-03-22 11:06:46.415  INFO 10668 --- [           main] com.zaxxer.hikari.HikariDataSource       : HikariPool-1 - Starting...
2018-03-22 11:06:46.423  WARN 10668 --- [           main] com.zaxxer.hikari.util.DriverDataSource  : Registered driver with driverClassName=org.hsqldb.jdbcDriver was not found, trying direct instantiation.
2018-03-22 11:06:46.702  INFO 10668 --- [           main] com.zaxxer.hikari.pool.PoolBase          : HikariPool-1 - Driver does not support get/set network timeout for connections. (característica no soportada)
2018-03-22 11:06:46.729  INFO 10668 --- [           main] com.zaxxer.hikari.HikariDataSource       : HikariPool-1 - Start completed.
2018-03-22 11:06:46.836  INFO 10668 --- [           main] j.LocalContainerEntityManagerFactoryBean : Building JPA container EntityManagerFactory for persistence unit 'default'
2018-03-22 11:06:46.935  INFO 10668 --- [           main] o.hibernate.jpa.internal.util.LogHelper  : HHH000204: Processing PersistenceUnitInfo [
	name: default
	...]
2018-03-22 11:06:47.188  INFO 10668 --- [           main] org.hibernate.Version                    : HHH000412: Hibernate Core {5.2.14.Final}
2018-03-22 11:06:47.193  INFO 10668 --- [           main] org.hibernate.cfg.Environment            : HHH000206: hibernate.properties not found
2018-03-22 11:06:47.392  INFO 10668 --- [           main] o.hibernate.annotations.common.Version   : HCANN000001: Hibernate Commons Annotations {5.0.1.Final}
2018-03-22 11:06:47.747  INFO 10668 --- [           main] org.hibernate.dialect.Dialect            : HHH000400: Using dialect: org.hibernate.dialect.HSQLDialect
2018-03-22 11:06:49.750  INFO 10668 --- [           main] o.h.t.schema.internal.SchemaCreatorImpl  : HHH000476: Executing import script 'org.hibernate.tool.schema.internal.exec.ScriptSourceInputNonExistentImpl@4c7cec'
2018-03-22 11:06:49.754  INFO 10668 --- [           main] j.LocalContainerEntityManagerFactoryBean : Initialized JPA EntityManagerFactory for persistence unit 'default'
2018-03-22 11:06:50.911  WARN 10668 --- [           main] o.s.w.c.s.GenericWebApplicationContext   : Exception encountered during context initialization - cancelling refresh attempt: org.springframework.beans.factory.UnsatisfiedDependencyException: Error creating bean with name 'loginController': Unsatisfied dependency expressed through field 'securityService'; nested exception is org.springframework.beans.factory.UnsatisfiedDependencyException: Error creating bean with name 'securityService': Unsatisfied dependency expressed through field 'authenticationManager'; nested exception is org.springframework.beans.factory.NoSuchBeanDefinitionException: No qualifying bean of type 'org.springframework.security.authentication.AuthenticationManager' available: expected at least 1 bean which qualifies as autowire candidate. Dependency annotations: {@org.springframework.beans.factory.annotation.Autowired(required=true)}
2018-03-22 11:06:50.911  INFO 10668 --- [           main] j.LocalContainerEntityManagerFactoryBean : Closing JPA EntityManagerFactory for persistence unit 'default'
2018-03-22 11:06:50.911  INFO 10668 --- [           main] com.zaxxer.hikari.HikariDataSource       : HikariPool-1 - Shutdown initiated...
2018-03-22 11:06:50.919  INFO 10668 --- [           main] com.zaxxer.hikari.HikariDataSource       : HikariPool-1 - Shutdown completed.
2018-03-22 11:06:50.931  INFO 10668 --- [           main] ConditionEvaluationReportLoggingListener : 

Error starting ApplicationContext. To display the conditions report re-run your application with 'debug' enabled.
2018-03-22 11:06:51.146 ERROR 10668 --- [           main] o.s.b.d.LoggingFailureAnalysisReporter   : 

***************************
APPLICATION FAILED TO START
***************************

Description:

Field authenticationManager in com.uniovi.InciDashboard_e4a.services.SecurityService required a bean of type 'org.springframework.security.authentication.AuthenticationManager' that could not be found.


Action:

Consider defining a bean of type 'org.springframework.security.authentication.AuthenticationManager' in your configuration.

2018-03-22 11:06:51.163 ERROR 10668 --- [           main] o.s.test.context.TestContextManager      : Caught exception while allowing TestExecutionListener [org.springframework.test.context.web.ServletTestExecutionListener@87342] to prepare test instance [com.uniovi.InciDashboard_e4a.InciDashboardE4aApplicationTests@10ba740]

java.lang.IllegalStateException: Failed to load ApplicationContext
	at org.springframework.test.context.cache.DefaultCacheAwareContextLoaderDelegate.loadContext(DefaultCacheAwareContextLoaderDelegate.java:125) ~[spring-test-5.0.4.RELEASE.jar:5.0.4.RELEASE]
	at org.springframework.test.context.support.DefaultTestContext.getApplicationContext(DefaultTestContext.java:107) ~[spring-test-5.0.4.RELEASE.jar:5.0.4.RELEASE]
	at org.springframework.test.context.web.ServletTestExecutionListener.setUpRequestContextIfNecessary(ServletTestExecutionListener.java:190) ~[spring-test-5.0.4.RELEASE.jar:5.0.4.RELEASE]
	at org.springframework.test.context.web.ServletTestExecutionListener.prepareTestInstance(ServletTestExecutionListener.java:132) ~[spring-test-5.0.4.RELEASE.jar:5.0.4.RELEASE]
	at org.springframework.test.context.TestContextManager.prepareTestInstance(TestContextManager.java:242) ~[spring-test-5.0.4.RELEASE.jar:5.0.4.RELEASE]
	at org.springframework.test.context.junit4.SpringJUnit4ClassRunner.createTest(SpringJUnit4ClassRunner.java:227) [spring-test-5.0.4.RELEASE.jar:5.0.4.RELEASE]
	at org.springframework.test.context.junit4.SpringJUnit4ClassRunner$1.runReflectiveCall(SpringJUnit4ClassRunner.java:289) [spring-test-5.0.4.RELEASE.jar:5.0.4.RELEASE]
	at org.junit.internal.runners.model.ReflectiveCallable.run(ReflectiveCallable.java:12) [junit-4.12.jar:4.12]
	at org.springframework.test.context.junit4.SpringJUnit4ClassRunner.methodBlock(SpringJUnit4ClassRunner.java:291) [spring-test-5.0.4.RELEASE.jar:5.0.4.RELEASE]
	at org.springframework.test.context.junit4.SpringJUnit4ClassRunner.runChild(SpringJUnit4ClassRunner.java:246) [spring-test-5.0.4.RELEASE.jar:5.0.4.RELEASE]
	at org.springframework.test.context.junit4.SpringJUnit4ClassRunner.runChild(SpringJUnit4ClassRunner.java:97) [spring-test-5.0.4.RELEASE.jar:5.0.4.RELEASE]
	at org.junit.runners.ParentRunner$3.run(ParentRunner.java:290) [junit-4.12.jar:4.12]
	at org.junit.runners.ParentRunner$1.schedule(ParentRunner.java:71) [junit-4.12.jar:4.12]
	at org.junit.runners.ParentRunner.runChildren(ParentRunner.java:288) [junit-4.12.jar:4.12]
	at org.junit.runners.ParentRunner.access$000(ParentRunner.java:58) [junit-4.12.jar:4.12]
	at org.junit.runners.ParentRunner$2.evaluate(ParentRunner.java:268) [junit-4.12.jar:4.12]
	at org.springframework.test.context.junit4.statements.RunBeforeTestClassCallbacks.evaluate(RunBeforeTestClassCallbacks.java:61) [spring-test-5.0.4.RELEASE.jar:5.0.4.RELEASE]
	at org.springframework.test.context.junit4.statements.RunAfterTestClassCallbacks.evaluate(RunAfterTestClassCallbacks.java:70) [spring-test-5.0.4.RELEASE.jar:5.0.4.RELEASE]
	at org.junit.runners.ParentRunner.run(ParentRunner.java:363) [junit-4.12.jar:4.12]
	at org.springframework.test.context.junit4.SpringJUnit4ClassRunner.run(SpringJUnit4ClassRunner.java:190) [spring-test-5.0.4.RELEASE.jar:5.0.4.RELEASE]
	at org.apache.maven.surefire.junit4.JUnit4Provider.execute(JUnit4Provider.java:369) [surefire-junit4-2.20.1.jar:2.20.1]
	at org.apache.maven.surefire.junit4.JUnit4Provider.executeWithRerun(JUnit4Provider.java:275) [surefire-junit4-2.20.1.jar:2.20.1]
	at org.apache.maven.surefire.junit4.JUnit4Provider.executeTestSet(JUnit4Provider.java:239) [surefire-junit4-2.20.1.jar:2.20.1]
	at org.apache.maven.surefire.junit4.JUnit4Provider.invoke(JUnit4Provider.java:160) [surefire-junit4-2.20.1.jar:2.20.1]
	at org.apache.maven.surefire.booter.ForkedBooter.invokeProviderInSameClassLoader(ForkedBooter.java:373) [surefire-booter-2.20.1.jar:2.20.1]
	at org.apache.maven.surefire.booter.ForkedBooter.runSuitesInProcess(ForkedBooter.java:334) [surefire-booter-2.20.1.jar:2.20.1]
	at org.apache.maven.surefire.booter.ForkedBooter.execute(ForkedBooter.java:119) [surefire-booter-2.20.1.jar:2.20.1]
	at org.apache.maven.surefire.booter.ForkedBooter.main(ForkedBooter.java:407) [surefire-booter-2.20.1.jar:2.20.1]
Caused by: org.springframework.beans.factory.UnsatisfiedDependencyException: Error creating bean with name 'loginController': Unsatisfied dependency expressed through field 'securityService'; nested exception is org.springframework.beans.factory.UnsatisfiedDependencyException: Error creating bean with name 'securityService': Unsatisfied dependency expressed through field 'authenticationManager'; nested exception is org.springframework.beans.factory.NoSuchBeanDefinitionException: No qualifying bean of type 'org.springframework.security.authentication.AuthenticationManager' available: expected at least 1 bean which qualifies as autowire candidate. Dependency annotations: {@org.springframework.beans.factory.annotation.Autowired(required=true)}
	at org.springframework.beans.factory.annotation.AutowiredAnnotationBeanPostProcessor$AutowiredFieldElement.inject(AutowiredAnnotationBeanPostProcessor.java:587) ~[spring-beans-5.0.4.RELEASE.jar:5.0.4.RELEASE]
	at org.springframework.beans.factory.annotation.InjectionMetadata.inject(InjectionMetadata.java:91) ~[spring-beans-5.0.4.RELEASE.jar:5.0.4.RELEASE]
	at org.springframework.beans.factory.annotation.AutowiredAnnotationBeanPostProcessor.postProcessPropertyValues(AutowiredAnnotationBeanPostProcessor.java:373) ~[spring-beans-5.0.4.RELEASE.jar:5.0.4.RELEASE]
	at org.springframework.beans.factory.support.AbstractAutowireCapableBeanFactory.populateBean(AbstractAutowireCapableBeanFactory.java:1344) ~[spring-beans-5.0.4.RELEASE.jar:5.0.4.RELEASE]
	at org.springframework.beans.factory.support.AbstractAutowireCapableBeanFactory.doCreateBean(AbstractAutowireCapableBeanFactory.java:582) ~[spring-beans-5.0.4.RELEASE.jar:5.0.4.RELEASE]
	at org.springframework.beans.factory.support.AbstractAutowireCapableBeanFactory.createBean(AbstractAutowireCapableBeanFactory.java:502) ~[spring-beans-5.0.4.RELEASE.jar:5.0.4.RELEASE]
	at org.springframework.beans.factory.support.AbstractBeanFactory.lambda$doGetBean$0(AbstractBeanFactory.java:312) ~[spring-beans-5.0.4.RELEASE.jar:5.0.4.RELEASE]
	at org.springframework.beans.factory.support.DefaultSingletonBeanRegistry.getSingleton(DefaultSingletonBeanRegistry.java:228) ~[spring-beans-5.0.4.RELEASE.jar:5.0.4.RELEASE]
	at org.springframework.beans.factory.support.AbstractBeanFactory.doGetBean(AbstractBeanFactory.java:310) ~[spring-beans-5.0.4.RELEASE.jar:5.0.4.RELEASE]
	at org.springframework.beans.factory.support.AbstractBeanFactory.getBean(AbstractBeanFactory.java:200) ~[spring-beans-5.0.4.RELEASE.jar:5.0.4.RELEASE]
	at org.springframework.beans.factory.support.DefaultListableBeanFactory.preInstantiateSingletons(DefaultListableBeanFactory.java:760) ~[spring-beans-5.0.4.RELEASE.jar:5.0.4.RELEASE]
	at org.springframework.context.support.AbstractApplicationContext.finishBeanFactoryInitialization(AbstractApplicationContext.java:868) ~[spring-context-5.0.4.RELEASE.jar:5.0.4.RELEASE]
	at org.springframework.context.support.AbstractApplicationContext.refresh(AbstractApplicationContext.java:549) ~[spring-context-5.0.4.RELEASE.jar:5.0.4.RELEASE]
	at org.springframework.boot.SpringApplication.refresh(SpringApplication.java:752) ~[spring-boot-2.0.0.RELEASE.jar:2.0.0.RELEASE]
	at org.springframework.boot.SpringApplication.refreshContext(SpringApplication.java:388) ~[spring-boot-2.0.0.RELEASE.jar:2.0.0.RELEASE]
	at org.springframework.boot.SpringApplication.run(SpringApplication.java:327) ~[spring-boot-2.0.0.RELEASE.jar:2.0.0.RELEASE]
	at org.springframework.boot.test.context.SpringBootContextLoader.loadContext(SpringBootContextLoader.java:138) ~[spring-boot-test-2.0.0.RELEASE.jar:2.0.0.RELEASE]
	at org.springframework.test.context.cache.DefaultCacheAwareContextLoaderDelegate.loadContextInternal(DefaultCacheAwareContextLoaderDelegate.java:99) ~[spring-test-5.0.4.RELEASE.jar:5.0.4.RELEASE]
	at org.springframework.test.context.cache.DefaultCacheAwareContextLoaderDelegate.loadContext(DefaultCacheAwareContextLoaderDelegate.java:117) ~[spring-test-5.0.4.RELEASE.jar:5.0.4.RELEASE]
	... 27 common frames omitted
Caused by: org.springframework.beans.factory.UnsatisfiedDependencyException: Error creating bean with name 'securityService': Unsatisfied dependency expressed through field 'authenticationManager'; nested exception is org.springframework.beans.factory.NoSuchBeanDefinitionException: No qualifying bean of type 'org.springframework.security.authentication.AuthenticationManager' available: expected at least 1 bean which qualifies as autowire candidate. Dependency annotations: {@org.springframework.beans.factory.annotation.Autowired(required=true)}
	at org.springframework.beans.factory.annotation.AutowiredAnnotationBeanPostProcessor$AutowiredFieldElement.inject(AutowiredAnnotationBeanPostProcessor.java:587) ~[spring-beans-5.0.4.RELEASE.jar:5.0.4.RELEASE]
	at org.springframework.beans.factory.annotation.InjectionMetadata.inject(InjectionMetadata.java:91) ~[spring-beans-5.0.4.RELEASE.jar:5.0.4.RELEASE]
	at org.springframework.beans.factory.annotation.AutowiredAnnotationBeanPostProcessor.postProcessPropertyValues(AutowiredAnnotationBeanPostProcessor.java:373) ~[spring-beans-5.0.4.RELEASE.jar:5.0.4.RELEASE]
	at org.springframework.beans.factory.support.AbstractAutowireCapableBeanFactory.populateBean(AbstractAutowireCapableBeanFactory.java:1344) ~[spring-beans-5.0.4.RELEASE.jar:5.0.4.RELEASE]
	at org.springframework.beans.factory.support.AbstractAutowireCapableBeanFactory.doCreateBean(AbstractAutowireCapableBeanFactory.java:582) ~[spring-beans-5.0.4.RELEASE.jar:5.0.4.RELEASE]
	at org.springframework.beans.factory.support.AbstractAutowireCapableBeanFactory.createBean(AbstractAutowireCapableBeanFactory.java:502) ~[spring-beans-5.0.4.RELEASE.jar:5.0.4.RELEASE]
	at org.springframework.beans.factory.support.AbstractBeanFactory.lambda$doGetBean$0(AbstractBeanFactory.java:312) ~[spring-beans-5.0.4.RELEASE.jar:5.0.4.RELEASE]
	at org.springframework.beans.factory.support.DefaultSingletonBeanRegistry.getSingleton(DefaultSingletonBeanRegistry.java:228) ~[spring-beans-5.0.4.RELEASE.jar:5.0.4.RELEASE]
	at org.springframework.beans.factory.support.AbstractBeanFactory.doGetBean(AbstractBeanFactory.java:310) ~[spring-beans-5.0.4.RELEASE.jar:5.0.4.RELEASE]
	at org.springframework.beans.factory.support.AbstractBeanFactory.getBean(AbstractBeanFactory.java:200) ~[spring-beans-5.0.4.RELEASE.jar:5.0.4.RELEASE]
	at org.springframework.beans.factory.config.DependencyDescriptor.resolveCandidate(DependencyDescriptor.java:251) ~[spring-beans-5.0.4.RELEASE.jar:5.0.4.RELEASE]
	at org.springframework.beans.factory.support.DefaultListableBeanFactory.doResolveDependency(DefaultListableBeanFactory.java:1138) ~[spring-beans-5.0.4.RELEASE.jar:5.0.4.RELEASE]
	at org.springframework.beans.factory.support.DefaultListableBeanFactory.resolveDependency(DefaultListableBeanFactory.java:1065) ~[spring-beans-5.0.4.RELEASE.jar:5.0.4.RELEASE]
	at org.springframework.beans.factory.annotation.AutowiredAnnotationBeanPostProcessor$AutowiredFieldElement.inject(AutowiredAnnotationBeanPostProcessor.java:584) ~[spring-beans-5.0.4.RELEASE.jar:5.0.4.RELEASE]
	... 45 common frames omitted
Caused by: org.springframework.beans.factory.NoSuchBeanDefinitionException: No qualifying bean of type 'org.springframework.security.authentication.AuthenticationManager' available: expected at least 1 bean which qualifies as autowire candidate. Dependency annotations: {@org.springframework.beans.factory.annotation.Autowired(required=true)}
	at org.springframework.beans.factory.support.DefaultListableBeanFactory.raiseNoMatchingBeanFound(DefaultListableBeanFactory.java:1509) ~[spring-beans-5.0.4.RELEASE.jar:5.0.4.RELEASE]
	at org.springframework.beans.factory.support.DefaultListableBeanFactory.doResolveDependency(DefaultListableBeanFactory.java:1104) ~[spring-beans-5.0.4.RELEASE.jar:5.0.4.RELEASE]
	at org.springframework.beans.factory.support.DefaultListableBeanFactory.resolveDependency(DefaultListableBeanFactory.java:1065) ~[spring-beans-5.0.4.RELEASE.jar:5.0.4.RELEASE]
	at org.springframework.beans.factory.annotation.AutowiredAnnotationBeanPostProcessor$AutowiredFieldElement.inject(AutowiredAnnotationBeanPostProcessor.java:584) ~[spring-beans-5.0.4.RELEASE.jar:5.0.4.RELEASE]
	... 58 common frames omitted

]]></system-out>
  </testcase>
</testsuite>